[2025-10-19T03:52:14.206+0000] {processor.py:161} INFO - Started process (PID=54) to work on /opt/airflow/dags/data-pipeline.py
[2025-10-19T03:52:14.206+0000] {processor.py:830} INFO - Processing file /opt/airflow/dags/data-pipeline.py for tasks to queue
[2025-10-19T03:52:14.208+0000] {logging_mixin.py:188} INFO - [2025-10-19T03:52:14.207+0000] {dagbag.py:538} INFO - Filling up the DagBag from /opt/airflow/dags/data-pipeline.py
[2025-10-19T03:52:14.222+0000] {processor.py:840} INFO - DAG(s) 'data_processing_pipeline' retrieved from /opt/airflow/dags/data-pipeline.py
[2025-10-19T03:52:14.437+0000] {logging_mixin.py:188} INFO - [2025-10-19T03:52:14.436+0000] {override.py:1769} INFO - Created Permission View: can read on DAG:data_processing_pipeline
[2025-10-19T03:52:14.443+0000] {logging_mixin.py:188} INFO - [2025-10-19T03:52:14.443+0000] {override.py:1769} INFO - Created Permission View: can delete on DAG:data_processing_pipeline
[2025-10-19T03:52:14.448+0000] {logging_mixin.py:188} INFO - [2025-10-19T03:52:14.448+0000] {override.py:1769} INFO - Created Permission View: can edit on DAG:data_processing_pipeline
[2025-10-19T03:52:14.448+0000] {logging_mixin.py:188} INFO - [2025-10-19T03:52:14.448+0000] {dag.py:3036} INFO - Sync 1 DAGs
[2025-10-19T03:52:14.457+0000] {logging_mixin.py:188} INFO - [2025-10-19T03:52:14.457+0000] {dag.py:3058} INFO - Creating ORM DAG for data_processing_pipeline
[2025-10-19T03:52:14.465+0000] {logging_mixin.py:188} INFO - [2025-10-19T03:52:14.465+0000] {dag.py:3823} INFO - Setting next_dagrun for data_processing_pipeline to 2025-10-19 05:00:00+00:00, run_after=2025-10-20 05:00:00+00:00
[2025-10-19T03:52:14.480+0000] {processor.py:183} INFO - Processing /opt/airflow/dags/data-pipeline.py took 0.276 seconds
[2025-10-19T03:52:44.658+0000] {processor.py:161} INFO - Started process (PID=61) to work on /opt/airflow/dags/data-pipeline.py
[2025-10-19T03:52:44.659+0000] {processor.py:830} INFO - Processing file /opt/airflow/dags/data-pipeline.py for tasks to queue
[2025-10-19T03:52:44.662+0000] {logging_mixin.py:188} INFO - [2025-10-19T03:52:44.662+0000] {dagbag.py:538} INFO - Filling up the DagBag from /opt/airflow/dags/data-pipeline.py
[2025-10-19T03:52:44.683+0000] {processor.py:840} INFO - DAG(s) 'data_processing_pipeline' retrieved from /opt/airflow/dags/data-pipeline.py
[2025-10-19T03:52:44.733+0000] {logging_mixin.py:188} INFO - [2025-10-19T03:52:44.733+0000] {dag.py:3036} INFO - Sync 1 DAGs
[2025-10-19T03:52:44.781+0000] {logging_mixin.py:188} INFO - [2025-10-19T03:52:44.780+0000] {dag.py:3823} INFO - Setting next_dagrun for data_processing_pipeline to 2025-10-19 05:00:00+00:00, run_after=2025-10-20 05:00:00+00:00
[2025-10-19T03:52:44.827+0000] {processor.py:183} INFO - Processing /opt/airflow/dags/data-pipeline.py took 0.175 seconds
[2025-10-19T03:53:15.025+0000] {processor.py:161} INFO - Started process (PID=68) to work on /opt/airflow/dags/data-pipeline.py
[2025-10-19T03:53:15.027+0000] {processor.py:830} INFO - Processing file /opt/airflow/dags/data-pipeline.py for tasks to queue
[2025-10-19T03:53:15.030+0000] {logging_mixin.py:188} INFO - [2025-10-19T03:53:15.029+0000] {dagbag.py:538} INFO - Filling up the DagBag from /opt/airflow/dags/data-pipeline.py
[2025-10-19T03:53:15.051+0000] {processor.py:840} INFO - DAG(s) 'data_processing_pipeline' retrieved from /opt/airflow/dags/data-pipeline.py
[2025-10-19T03:53:15.105+0000] {logging_mixin.py:188} INFO - [2025-10-19T03:53:15.105+0000] {dag.py:3036} INFO - Sync 1 DAGs
[2025-10-19T03:53:15.160+0000] {logging_mixin.py:188} INFO - [2025-10-19T03:53:15.160+0000] {dag.py:3823} INFO - Setting next_dagrun for data_processing_pipeline to 2025-10-19 05:00:00+00:00, run_after=2025-10-20 05:00:00+00:00
[2025-10-19T03:53:15.210+0000] {processor.py:183} INFO - Processing /opt/airflow/dags/data-pipeline.py took 0.192 seconds
[2025-10-19T03:53:45.412+0000] {processor.py:161} INFO - Started process (PID=76) to work on /opt/airflow/dags/data-pipeline.py
[2025-10-19T03:53:45.413+0000] {processor.py:830} INFO - Processing file /opt/airflow/dags/data-pipeline.py for tasks to queue
[2025-10-19T03:53:45.416+0000] {logging_mixin.py:188} INFO - [2025-10-19T03:53:45.415+0000] {dagbag.py:538} INFO - Filling up the DagBag from /opt/airflow/dags/data-pipeline.py
[2025-10-19T03:53:45.436+0000] {processor.py:840} INFO - DAG(s) 'data_processing_pipeline' retrieved from /opt/airflow/dags/data-pipeline.py
[2025-10-19T03:53:45.494+0000] {logging_mixin.py:188} INFO - [2025-10-19T03:53:45.494+0000] {dag.py:3036} INFO - Sync 1 DAGs
[2025-10-19T03:53:45.548+0000] {logging_mixin.py:188} INFO - [2025-10-19T03:53:45.548+0000] {dag.py:3823} INFO - Setting next_dagrun for data_processing_pipeline to 2025-10-19 05:00:00+00:00, run_after=2025-10-20 05:00:00+00:00
[2025-10-19T03:53:45.599+0000] {processor.py:183} INFO - Processing /opt/airflow/dags/data-pipeline.py took 0.193 seconds
[2025-10-19T03:54:15.793+0000] {processor.py:161} INFO - Started process (PID=89) to work on /opt/airflow/dags/data-pipeline.py
[2025-10-19T03:54:15.794+0000] {processor.py:830} INFO - Processing file /opt/airflow/dags/data-pipeline.py for tasks to queue
[2025-10-19T03:54:15.797+0000] {logging_mixin.py:188} INFO - [2025-10-19T03:54:15.797+0000] {dagbag.py:538} INFO - Filling up the DagBag from /opt/airflow/dags/data-pipeline.py
[2025-10-19T03:54:15.818+0000] {processor.py:840} INFO - DAG(s) 'data_processing_pipeline' retrieved from /opt/airflow/dags/data-pipeline.py
[2025-10-19T03:54:15.872+0000] {logging_mixin.py:188} INFO - [2025-10-19T03:54:15.872+0000] {dag.py:3036} INFO - Sync 1 DAGs
[2025-10-19T03:54:15.922+0000] {logging_mixin.py:188} INFO - [2025-10-19T03:54:15.922+0000] {dag.py:3823} INFO - Setting next_dagrun for data_processing_pipeline to 2025-10-19 05:00:00+00:00, run_after=2025-10-20 05:00:00+00:00
[2025-10-19T03:54:15.970+0000] {processor.py:183} INFO - Processing /opt/airflow/dags/data-pipeline.py took 0.183 seconds
[2025-10-19T03:54:46.167+0000] {processor.py:161} INFO - Started process (PID=96) to work on /opt/airflow/dags/data-pipeline.py
[2025-10-19T03:54:46.168+0000] {processor.py:830} INFO - Processing file /opt/airflow/dags/data-pipeline.py for tasks to queue
[2025-10-19T03:54:46.172+0000] {logging_mixin.py:188} INFO - [2025-10-19T03:54:46.171+0000] {dagbag.py:538} INFO - Filling up the DagBag from /opt/airflow/dags/data-pipeline.py
[2025-10-19T03:54:46.193+0000] {processor.py:840} INFO - DAG(s) 'data_processing_pipeline' retrieved from /opt/airflow/dags/data-pipeline.py
[2025-10-19T03:54:46.249+0000] {logging_mixin.py:188} INFO - [2025-10-19T03:54:46.248+0000] {dag.py:3036} INFO - Sync 1 DAGs
[2025-10-19T03:54:46.299+0000] {logging_mixin.py:188} INFO - [2025-10-19T03:54:46.298+0000] {dag.py:3823} INFO - Setting next_dagrun for data_processing_pipeline to 2025-10-19 05:00:00+00:00, run_after=2025-10-20 05:00:00+00:00
[2025-10-19T03:54:46.347+0000] {processor.py:183} INFO - Processing /opt/airflow/dags/data-pipeline.py took 0.186 seconds
[2025-10-19T03:55:16.550+0000] {processor.py:161} INFO - Started process (PID=103) to work on /opt/airflow/dags/data-pipeline.py
[2025-10-19T03:55:16.551+0000] {processor.py:830} INFO - Processing file /opt/airflow/dags/data-pipeline.py for tasks to queue
[2025-10-19T03:55:16.554+0000] {logging_mixin.py:188} INFO - [2025-10-19T03:55:16.554+0000] {dagbag.py:538} INFO - Filling up the DagBag from /opt/airflow/dags/data-pipeline.py
[2025-10-19T03:55:16.575+0000] {processor.py:840} INFO - DAG(s) 'data_processing_pipeline' retrieved from /opt/airflow/dags/data-pipeline.py
[2025-10-19T03:55:16.626+0000] {logging_mixin.py:188} INFO - [2025-10-19T03:55:16.626+0000] {dag.py:3036} INFO - Sync 1 DAGs
[2025-10-19T03:55:16.673+0000] {logging_mixin.py:188} INFO - [2025-10-19T03:55:16.673+0000] {dag.py:3823} INFO - Setting next_dagrun for data_processing_pipeline to 2025-10-19 05:00:00+00:00, run_after=2025-10-20 05:00:00+00:00
[2025-10-19T03:55:16.722+0000] {processor.py:183} INFO - Processing /opt/airflow/dags/data-pipeline.py took 0.178 seconds
[2025-10-19T03:55:46.922+0000] {processor.py:161} INFO - Started process (PID=110) to work on /opt/airflow/dags/data-pipeline.py
[2025-10-19T03:55:46.924+0000] {processor.py:830} INFO - Processing file /opt/airflow/dags/data-pipeline.py for tasks to queue
[2025-10-19T03:55:46.927+0000] {logging_mixin.py:188} INFO - [2025-10-19T03:55:46.927+0000] {dagbag.py:538} INFO - Filling up the DagBag from /opt/airflow/dags/data-pipeline.py
[2025-10-19T03:55:46.948+0000] {processor.py:840} INFO - DAG(s) 'data_processing_pipeline' retrieved from /opt/airflow/dags/data-pipeline.py
[2025-10-19T03:55:46.999+0000] {logging_mixin.py:188} INFO - [2025-10-19T03:55:46.998+0000] {dag.py:3036} INFO - Sync 1 DAGs
[2025-10-19T03:55:47.055+0000] {logging_mixin.py:188} INFO - [2025-10-19T03:55:47.054+0000] {dag.py:3823} INFO - Setting next_dagrun for data_processing_pipeline to 2025-10-19 05:00:00+00:00, run_after=2025-10-20 05:00:00+00:00
[2025-10-19T03:55:47.107+0000] {processor.py:183} INFO - Processing /opt/airflow/dags/data-pipeline.py took 0.191 seconds
[2025-10-19T03:56:17.308+0000] {processor.py:161} INFO - Started process (PID=117) to work on /opt/airflow/dags/data-pipeline.py
[2025-10-19T03:56:17.309+0000] {processor.py:830} INFO - Processing file /opt/airflow/dags/data-pipeline.py for tasks to queue
[2025-10-19T03:56:17.312+0000] {logging_mixin.py:188} INFO - [2025-10-19T03:56:17.312+0000] {dagbag.py:538} INFO - Filling up the DagBag from /opt/airflow/dags/data-pipeline.py
[2025-10-19T03:56:17.334+0000] {processor.py:840} INFO - DAG(s) 'data_processing_pipeline' retrieved from /opt/airflow/dags/data-pipeline.py
[2025-10-19T03:56:17.390+0000] {logging_mixin.py:188} INFO - [2025-10-19T03:56:17.390+0000] {dag.py:3036} INFO - Sync 1 DAGs
[2025-10-19T03:56:17.443+0000] {logging_mixin.py:188} INFO - [2025-10-19T03:56:17.442+0000] {dag.py:3823} INFO - Setting next_dagrun for data_processing_pipeline to 2025-10-19 05:00:00+00:00, run_after=2025-10-20 05:00:00+00:00
[2025-10-19T03:56:17.491+0000] {processor.py:183} INFO - Processing /opt/airflow/dags/data-pipeline.py took 0.190 seconds
[2025-10-19T03:56:47.687+0000] {processor.py:161} INFO - Started process (PID=124) to work on /opt/airflow/dags/data-pipeline.py
[2025-10-19T03:56:47.688+0000] {processor.py:830} INFO - Processing file /opt/airflow/dags/data-pipeline.py for tasks to queue
[2025-10-19T03:56:47.692+0000] {logging_mixin.py:188} INFO - [2025-10-19T03:56:47.691+0000] {dagbag.py:538} INFO - Filling up the DagBag from /opt/airflow/dags/data-pipeline.py
[2025-10-19T03:56:47.713+0000] {processor.py:840} INFO - DAG(s) 'data_processing_pipeline' retrieved from /opt/airflow/dags/data-pipeline.py
[2025-10-19T03:56:47.766+0000] {logging_mixin.py:188} INFO - [2025-10-19T03:56:47.766+0000] {dag.py:3036} INFO - Sync 1 DAGs
[2025-10-19T03:56:47.815+0000] {logging_mixin.py:188} INFO - [2025-10-19T03:56:47.815+0000] {dag.py:3823} INFO - Setting next_dagrun for data_processing_pipeline to 2025-10-19 05:00:00+00:00, run_after=2025-10-20 05:00:00+00:00
[2025-10-19T03:56:47.863+0000] {processor.py:183} INFO - Processing /opt/airflow/dags/data-pipeline.py took 0.182 seconds
[2025-10-19T03:57:18.060+0000] {processor.py:161} INFO - Started process (PID=131) to work on /opt/airflow/dags/data-pipeline.py
[2025-10-19T03:57:18.061+0000] {processor.py:830} INFO - Processing file /opt/airflow/dags/data-pipeline.py for tasks to queue
[2025-10-19T03:57:18.064+0000] {logging_mixin.py:188} INFO - [2025-10-19T03:57:18.064+0000] {dagbag.py:538} INFO - Filling up the DagBag from /opt/airflow/dags/data-pipeline.py
[2025-10-19T03:57:18.085+0000] {processor.py:840} INFO - DAG(s) 'data_processing_pipeline' retrieved from /opt/airflow/dags/data-pipeline.py
[2025-10-19T03:57:18.138+0000] {logging_mixin.py:188} INFO - [2025-10-19T03:57:18.137+0000] {dag.py:3036} INFO - Sync 1 DAGs
[2025-10-19T03:57:18.186+0000] {logging_mixin.py:188} INFO - [2025-10-19T03:57:18.186+0000] {dag.py:3823} INFO - Setting next_dagrun for data_processing_pipeline to 2025-10-19 05:00:00+00:00, run_after=2025-10-20 05:00:00+00:00
[2025-10-19T03:57:18.233+0000] {processor.py:183} INFO - Processing /opt/airflow/dags/data-pipeline.py took 0.179 seconds
[2025-10-19T03:57:48.425+0000] {processor.py:161} INFO - Started process (PID=138) to work on /opt/airflow/dags/data-pipeline.py
[2025-10-19T03:57:48.427+0000] {processor.py:830} INFO - Processing file /opt/airflow/dags/data-pipeline.py for tasks to queue
[2025-10-19T03:57:48.430+0000] {logging_mixin.py:188} INFO - [2025-10-19T03:57:48.429+0000] {dagbag.py:538} INFO - Filling up the DagBag from /opt/airflow/dags/data-pipeline.py
[2025-10-19T03:57:48.451+0000] {processor.py:840} INFO - DAG(s) 'data_processing_pipeline' retrieved from /opt/airflow/dags/data-pipeline.py
[2025-10-19T03:57:48.503+0000] {logging_mixin.py:188} INFO - [2025-10-19T03:57:48.502+0000] {dag.py:3036} INFO - Sync 1 DAGs
[2025-10-19T03:57:48.551+0000] {logging_mixin.py:188} INFO - [2025-10-19T03:57:48.550+0000] {dag.py:3823} INFO - Setting next_dagrun for data_processing_pipeline to 2025-10-19 05:00:00+00:00, run_after=2025-10-20 05:00:00+00:00
[2025-10-19T03:57:48.597+0000] {processor.py:183} INFO - Processing /opt/airflow/dags/data-pipeline.py took 0.177 seconds
[2025-10-19T03:58:18.794+0000] {processor.py:161} INFO - Started process (PID=145) to work on /opt/airflow/dags/data-pipeline.py
[2025-10-19T03:58:18.795+0000] {processor.py:830} INFO - Processing file /opt/airflow/dags/data-pipeline.py for tasks to queue
[2025-10-19T03:58:18.798+0000] {logging_mixin.py:188} INFO - [2025-10-19T03:58:18.798+0000] {dagbag.py:538} INFO - Filling up the DagBag from /opt/airflow/dags/data-pipeline.py
[2025-10-19T03:58:18.819+0000] {processor.py:840} INFO - DAG(s) 'data_processing_pipeline' retrieved from /opt/airflow/dags/data-pipeline.py
[2025-10-19T03:58:18.872+0000] {logging_mixin.py:188} INFO - [2025-10-19T03:58:18.871+0000] {dag.py:3036} INFO - Sync 1 DAGs
[2025-10-19T03:58:18.918+0000] {logging_mixin.py:188} INFO - [2025-10-19T03:58:18.917+0000] {dag.py:3823} INFO - Setting next_dagrun for data_processing_pipeline to 2025-10-19 05:00:00+00:00, run_after=2025-10-20 05:00:00+00:00
[2025-10-19T03:58:18.966+0000] {processor.py:183} INFO - Processing /opt/airflow/dags/data-pipeline.py took 0.178 seconds
[2025-10-19T03:58:49.171+0000] {processor.py:161} INFO - Started process (PID=152) to work on /opt/airflow/dags/data-pipeline.py
[2025-10-19T03:58:49.172+0000] {processor.py:830} INFO - Processing file /opt/airflow/dags/data-pipeline.py for tasks to queue
[2025-10-19T03:58:49.176+0000] {logging_mixin.py:188} INFO - [2025-10-19T03:58:49.175+0000] {dagbag.py:538} INFO - Filling up the DagBag from /opt/airflow/dags/data-pipeline.py
[2025-10-19T03:58:49.196+0000] {processor.py:840} INFO - DAG(s) 'data_processing_pipeline' retrieved from /opt/airflow/dags/data-pipeline.py
[2025-10-19T03:58:49.252+0000] {logging_mixin.py:188} INFO - [2025-10-19T03:58:49.251+0000] {dag.py:3036} INFO - Sync 1 DAGs
[2025-10-19T03:58:49.305+0000] {logging_mixin.py:188} INFO - [2025-10-19T03:58:49.304+0000] {dag.py:3823} INFO - Setting next_dagrun for data_processing_pipeline to 2025-10-19 05:00:00+00:00, run_after=2025-10-20 05:00:00+00:00
[2025-10-19T03:58:49.340+0000] {processor.py:183} INFO - Processing /opt/airflow/dags/data-pipeline.py took 0.174 seconds
[2025-10-19T03:59:19.534+0000] {processor.py:161} INFO - Started process (PID=159) to work on /opt/airflow/dags/data-pipeline.py
[2025-10-19T03:59:19.536+0000] {processor.py:830} INFO - Processing file /opt/airflow/dags/data-pipeline.py for tasks to queue
[2025-10-19T03:59:19.539+0000] {logging_mixin.py:188} INFO - [2025-10-19T03:59:19.538+0000] {dagbag.py:538} INFO - Filling up the DagBag from /opt/airflow/dags/data-pipeline.py
[2025-10-19T03:59:19.559+0000] {processor.py:840} INFO - DAG(s) 'data_processing_pipeline' retrieved from /opt/airflow/dags/data-pipeline.py
[2025-10-19T03:59:19.616+0000] {logging_mixin.py:188} INFO - [2025-10-19T03:59:19.616+0000] {dag.py:3036} INFO - Sync 1 DAGs
[2025-10-19T03:59:19.674+0000] {logging_mixin.py:188} INFO - [2025-10-19T03:59:19.674+0000] {dag.py:3823} INFO - Setting next_dagrun for data_processing_pipeline to 2025-10-19 05:00:00+00:00, run_after=2025-10-20 05:00:00+00:00
[2025-10-19T03:59:19.711+0000] {processor.py:183} INFO - Processing /opt/airflow/dags/data-pipeline.py took 0.183 seconds
[2025-10-19T03:59:49.909+0000] {processor.py:161} INFO - Started process (PID=166) to work on /opt/airflow/dags/data-pipeline.py
[2025-10-19T03:59:49.910+0000] {processor.py:830} INFO - Processing file /opt/airflow/dags/data-pipeline.py for tasks to queue
[2025-10-19T03:59:49.913+0000] {logging_mixin.py:188} INFO - [2025-10-19T03:59:49.913+0000] {dagbag.py:538} INFO - Filling up the DagBag from /opt/airflow/dags/data-pipeline.py
[2025-10-19T03:59:49.934+0000] {processor.py:840} INFO - DAG(s) 'data_processing_pipeline' retrieved from /opt/airflow/dags/data-pipeline.py
[2025-10-19T03:59:49.983+0000] {logging_mixin.py:188} INFO - [2025-10-19T03:59:49.982+0000] {dag.py:3036} INFO - Sync 1 DAGs
[2025-10-19T03:59:50.027+0000] {logging_mixin.py:188} INFO - [2025-10-19T03:59:50.027+0000] {dag.py:3823} INFO - Setting next_dagrun for data_processing_pipeline to 2025-10-19 05:00:00+00:00, run_after=2025-10-20 05:00:00+00:00
[2025-10-19T03:59:50.071+0000] {processor.py:183} INFO - Processing /opt/airflow/dags/data-pipeline.py took 0.168 seconds
[2025-10-19T04:00:20.270+0000] {processor.py:161} INFO - Started process (PID=173) to work on /opt/airflow/dags/data-pipeline.py
[2025-10-19T04:00:20.271+0000] {processor.py:830} INFO - Processing file /opt/airflow/dags/data-pipeline.py for tasks to queue
[2025-10-19T04:00:20.274+0000] {logging_mixin.py:188} INFO - [2025-10-19T04:00:20.274+0000] {dagbag.py:538} INFO - Filling up the DagBag from /opt/airflow/dags/data-pipeline.py
[2025-10-19T04:00:20.296+0000] {processor.py:840} INFO - DAG(s) 'data_processing_pipeline' retrieved from /opt/airflow/dags/data-pipeline.py
[2025-10-19T04:00:20.351+0000] {logging_mixin.py:188} INFO - [2025-10-19T04:00:20.350+0000] {dag.py:3036} INFO - Sync 1 DAGs
[2025-10-19T04:00:20.402+0000] {logging_mixin.py:188} INFO - [2025-10-19T04:00:20.402+0000] {dag.py:3823} INFO - Setting next_dagrun for data_processing_pipeline to 2025-10-19 05:00:00+00:00, run_after=2025-10-20 05:00:00+00:00
[2025-10-19T04:00:20.436+0000] {processor.py:183} INFO - Processing /opt/airflow/dags/data-pipeline.py took 0.172 seconds
[2025-10-19T04:00:50.634+0000] {processor.py:161} INFO - Started process (PID=180) to work on /opt/airflow/dags/data-pipeline.py
[2025-10-19T04:00:50.635+0000] {processor.py:830} INFO - Processing file /opt/airflow/dags/data-pipeline.py for tasks to queue
[2025-10-19T04:00:50.638+0000] {logging_mixin.py:188} INFO - [2025-10-19T04:00:50.637+0000] {dagbag.py:538} INFO - Filling up the DagBag from /opt/airflow/dags/data-pipeline.py
[2025-10-19T04:00:50.659+0000] {processor.py:840} INFO - DAG(s) 'data_processing_pipeline' retrieved from /opt/airflow/dags/data-pipeline.py
[2025-10-19T04:00:50.708+0000] {logging_mixin.py:188} INFO - [2025-10-19T04:00:50.707+0000] {dag.py:3036} INFO - Sync 1 DAGs
[2025-10-19T04:00:50.752+0000] {logging_mixin.py:188} INFO - [2025-10-19T04:00:50.751+0000] {dag.py:3823} INFO - Setting next_dagrun for data_processing_pipeline to 2025-10-19 05:00:00+00:00, run_after=2025-10-20 05:00:00+00:00
[2025-10-19T04:00:50.795+0000] {processor.py:183} INFO - Processing /opt/airflow/dags/data-pipeline.py took 0.168 seconds
[2025-10-19T04:01:21.001+0000] {processor.py:161} INFO - Started process (PID=187) to work on /opt/airflow/dags/data-pipeline.py
[2025-10-19T04:01:21.002+0000] {processor.py:830} INFO - Processing file /opt/airflow/dags/data-pipeline.py for tasks to queue
[2025-10-19T04:01:21.005+0000] {logging_mixin.py:188} INFO - [2025-10-19T04:01:21.005+0000] {dagbag.py:538} INFO - Filling up the DagBag from /opt/airflow/dags/data-pipeline.py
[2025-10-19T04:01:21.024+0000] {processor.py:840} INFO - DAG(s) 'data_processing_pipeline' retrieved from /opt/airflow/dags/data-pipeline.py
[2025-10-19T04:01:21.070+0000] {logging_mixin.py:188} INFO - [2025-10-19T04:01:21.070+0000] {dag.py:3036} INFO - Sync 1 DAGs
[2025-10-19T04:01:21.112+0000] {logging_mixin.py:188} INFO - [2025-10-19T04:01:21.112+0000] {dag.py:3823} INFO - Setting next_dagrun for data_processing_pipeline to 2025-10-19 05:00:00+00:00, run_after=2025-10-20 05:00:00+00:00
[2025-10-19T04:01:21.157+0000] {processor.py:183} INFO - Processing /opt/airflow/dags/data-pipeline.py took 0.163 seconds
[2025-10-19T04:01:51.199+0000] {processor.py:161} INFO - Started process (PID=194) to work on /opt/airflow/dags/data-pipeline.py
[2025-10-19T04:01:51.199+0000] {processor.py:830} INFO - Processing file /opt/airflow/dags/data-pipeline.py for tasks to queue
[2025-10-19T04:01:51.203+0000] {logging_mixin.py:188} INFO - [2025-10-19T04:01:51.202+0000] {dagbag.py:538} INFO - Filling up the DagBag from /opt/airflow/dags/data-pipeline.py
[2025-10-19T04:01:51.221+0000] {processor.py:840} INFO - DAG(s) 'data_processing_pipeline' retrieved from /opt/airflow/dags/data-pipeline.py
[2025-10-19T04:01:51.268+0000] {logging_mixin.py:188} INFO - [2025-10-19T04:01:51.268+0000] {dag.py:3036} INFO - Sync 1 DAGs
[2025-10-19T04:01:51.313+0000] {logging_mixin.py:188} INFO - [2025-10-19T04:01:51.312+0000] {dag.py:3823} INFO - Setting next_dagrun for data_processing_pipeline to 2025-10-19 05:00:00+00:00, run_after=2025-10-20 05:00:00+00:00
[2025-10-19T04:01:51.342+0000] {processor.py:183} INFO - Processing /opt/airflow/dags/data-pipeline.py took 0.150 seconds
[2025-10-19T04:02:21.567+0000] {processor.py:161} INFO - Started process (PID=201) to work on /opt/airflow/dags/data-pipeline.py
[2025-10-19T04:02:21.569+0000] {processor.py:830} INFO - Processing file /opt/airflow/dags/data-pipeline.py for tasks to queue
[2025-10-19T04:02:21.572+0000] {logging_mixin.py:188} INFO - [2025-10-19T04:02:21.571+0000] {dagbag.py:538} INFO - Filling up the DagBag from /opt/airflow/dags/data-pipeline.py
[2025-10-19T04:02:21.585+0000] {processor.py:840} INFO - DAG(s) 'data_processing_pipeline' retrieved from /opt/airflow/dags/data-pipeline.py
[2025-10-19T04:02:21.609+0000] {logging_mixin.py:188} INFO - [2025-10-19T04:02:21.609+0000] {dag.py:3036} INFO - Sync 1 DAGs
[2025-10-19T04:02:21.627+0000] {logging_mixin.py:188} INFO - [2025-10-19T04:02:21.627+0000] {dag.py:3823} INFO - Setting next_dagrun for data_processing_pipeline to 2025-10-19 05:00:00+00:00, run_after=2025-10-20 05:00:00+00:00
[2025-10-19T04:02:21.649+0000] {processor.py:183} INFO - Processing /opt/airflow/dags/data-pipeline.py took 0.087 seconds
[2025-10-19T04:02:51.770+0000] {processor.py:161} INFO - Started process (PID=208) to work on /opt/airflow/dags/data-pipeline.py
[2025-10-19T04:02:51.770+0000] {processor.py:830} INFO - Processing file /opt/airflow/dags/data-pipeline.py for tasks to queue
[2025-10-19T04:02:51.774+0000] {logging_mixin.py:188} INFO - [2025-10-19T04:02:51.774+0000] {dagbag.py:538} INFO - Filling up the DagBag from /opt/airflow/dags/data-pipeline.py
[2025-10-19T04:02:51.794+0000] {processor.py:840} INFO - DAG(s) 'data_processing_pipeline' retrieved from /opt/airflow/dags/data-pipeline.py
[2025-10-19T04:02:51.847+0000] {logging_mixin.py:188} INFO - [2025-10-19T04:02:51.846+0000] {dag.py:3036} INFO - Sync 1 DAGs
[2025-10-19T04:02:51.894+0000] {logging_mixin.py:188} INFO - [2025-10-19T04:02:51.893+0000] {dag.py:3823} INFO - Setting next_dagrun for data_processing_pipeline to 2025-10-19 05:00:00+00:00, run_after=2025-10-20 05:00:00+00:00
[2025-10-19T04:02:51.939+0000] {processor.py:183} INFO - Processing /opt/airflow/dags/data-pipeline.py took 0.176 seconds
[2025-10-19T04:03:22.025+0000] {processor.py:161} INFO - Started process (PID=215) to work on /opt/airflow/dags/data-pipeline.py
[2025-10-19T04:03:22.027+0000] {processor.py:830} INFO - Processing file /opt/airflow/dags/data-pipeline.py for tasks to queue
[2025-10-19T04:03:22.030+0000] {logging_mixin.py:188} INFO - [2025-10-19T04:03:22.029+0000] {dagbag.py:538} INFO - Filling up the DagBag from /opt/airflow/dags/data-pipeline.py
[2025-10-19T04:03:22.051+0000] {processor.py:840} INFO - DAG(s) 'data_processing_pipeline' retrieved from /opt/airflow/dags/data-pipeline.py
[2025-10-19T04:03:22.105+0000] {logging_mixin.py:188} INFO - [2025-10-19T04:03:22.104+0000] {dag.py:3036} INFO - Sync 1 DAGs
[2025-10-19T04:03:22.157+0000] {logging_mixin.py:188} INFO - [2025-10-19T04:03:22.156+0000] {dag.py:3823} INFO - Setting next_dagrun for data_processing_pipeline to 2025-10-19 05:00:00+00:00, run_after=2025-10-20 05:00:00+00:00
[2025-10-19T04:03:22.191+0000] {processor.py:183} INFO - Processing /opt/airflow/dags/data-pipeline.py took 0.172 seconds
[2025-10-19T04:03:52.329+0000] {processor.py:161} INFO - Started process (PID=222) to work on /opt/airflow/dags/data-pipeline.py
[2025-10-19T04:03:52.330+0000] {processor.py:830} INFO - Processing file /opt/airflow/dags/data-pipeline.py for tasks to queue
[2025-10-19T04:03:52.333+0000] {logging_mixin.py:188} INFO - [2025-10-19T04:03:52.332+0000] {dagbag.py:538} INFO - Filling up the DagBag from /opt/airflow/dags/data-pipeline.py
[2025-10-19T04:03:52.354+0000] {processor.py:840} INFO - DAG(s) 'data_processing_pipeline' retrieved from /opt/airflow/dags/data-pipeline.py
[2025-10-19T04:03:52.407+0000] {logging_mixin.py:188} INFO - [2025-10-19T04:03:52.407+0000] {dag.py:3036} INFO - Sync 1 DAGs
[2025-10-19T04:03:52.453+0000] {logging_mixin.py:188} INFO - [2025-10-19T04:03:52.452+0000] {dag.py:3823} INFO - Setting next_dagrun for data_processing_pipeline to 2025-10-19 05:00:00+00:00, run_after=2025-10-20 05:00:00+00:00
[2025-10-19T04:03:52.501+0000] {processor.py:183} INFO - Processing /opt/airflow/dags/data-pipeline.py took 0.178 seconds
[2025-10-19T04:04:22.572+0000] {processor.py:161} INFO - Started process (PID=229) to work on /opt/airflow/dags/data-pipeline.py
[2025-10-19T04:04:22.664+0000] {processor.py:830} INFO - Processing file /opt/airflow/dags/data-pipeline.py for tasks to queue
[2025-10-19T04:04:22.667+0000] {logging_mixin.py:188} INFO - [2025-10-19T04:04:22.667+0000] {dagbag.py:538} INFO - Filling up the DagBag from /opt/airflow/dags/data-pipeline.py
[2025-10-19T04:04:22.690+0000] {processor.py:840} INFO - DAG(s) 'data_processing_pipeline' retrieved from /opt/airflow/dags/data-pipeline.py
[2025-10-19T04:04:22.744+0000] {logging_mixin.py:188} INFO - [2025-10-19T04:04:22.743+0000] {dag.py:3036} INFO - Sync 1 DAGs
[2025-10-19T04:04:22.795+0000] {logging_mixin.py:188} INFO - [2025-10-19T04:04:22.794+0000] {dag.py:3823} INFO - Setting next_dagrun for data_processing_pipeline to 2025-10-19 05:00:00+00:00, run_after=2025-10-20 05:00:00+00:00
[2025-10-19T04:04:22.840+0000] {processor.py:183} INFO - Processing /opt/airflow/dags/data-pipeline.py took 0.274 seconds
[2025-10-19T04:04:52.891+0000] {processor.py:161} INFO - Started process (PID=236) to work on /opt/airflow/dags/data-pipeline.py
[2025-10-19T04:04:52.892+0000] {processor.py:830} INFO - Processing file /opt/airflow/dags/data-pipeline.py for tasks to queue
[2025-10-19T04:04:52.895+0000] {logging_mixin.py:188} INFO - [2025-10-19T04:04:52.895+0000] {dagbag.py:538} INFO - Filling up the DagBag from /opt/airflow/dags/data-pipeline.py
[2025-10-19T04:04:52.916+0000] {processor.py:840} INFO - DAG(s) 'data_processing_pipeline' retrieved from /opt/airflow/dags/data-pipeline.py
[2025-10-19T04:04:52.964+0000] {logging_mixin.py:188} INFO - [2025-10-19T04:04:52.964+0000] {dag.py:3036} INFO - Sync 1 DAGs
[2025-10-19T04:04:53.011+0000] {logging_mixin.py:188} INFO - [2025-10-19T04:04:53.011+0000] {dag.py:3823} INFO - Setting next_dagrun for data_processing_pipeline to 2025-10-19 05:00:00+00:00, run_after=2025-10-20 05:00:00+00:00
[2025-10-19T04:04:53.055+0000] {processor.py:183} INFO - Processing /opt/airflow/dags/data-pipeline.py took 0.170 seconds
[2025-10-19T04:05:23.233+0000] {processor.py:161} INFO - Started process (PID=243) to work on /opt/airflow/dags/data-pipeline.py
[2025-10-19T04:05:23.235+0000] {processor.py:830} INFO - Processing file /opt/airflow/dags/data-pipeline.py for tasks to queue
[2025-10-19T04:05:23.238+0000] {logging_mixin.py:188} INFO - [2025-10-19T04:05:23.237+0000] {dagbag.py:538} INFO - Filling up the DagBag from /opt/airflow/dags/data-pipeline.py
[2025-10-19T04:05:23.258+0000] {processor.py:840} INFO - DAG(s) 'data_processing_pipeline' retrieved from /opt/airflow/dags/data-pipeline.py
[2025-10-19T04:05:23.309+0000] {logging_mixin.py:188} INFO - [2025-10-19T04:05:23.308+0000] {dag.py:3036} INFO - Sync 1 DAGs
[2025-10-19T04:05:23.356+0000] {logging_mixin.py:188} INFO - [2025-10-19T04:05:23.356+0000] {dag.py:3823} INFO - Setting next_dagrun for data_processing_pipeline to 2025-10-19 05:00:00+00:00, run_after=2025-10-20 05:00:00+00:00
[2025-10-19T04:05:23.405+0000] {processor.py:183} INFO - Processing /opt/airflow/dags/data-pipeline.py took 0.178 seconds
[2025-10-19T04:05:53.612+0000] {processor.py:161} INFO - Started process (PID=250) to work on /opt/airflow/dags/data-pipeline.py
[2025-10-19T04:05:53.613+0000] {processor.py:830} INFO - Processing file /opt/airflow/dags/data-pipeline.py for tasks to queue
[2025-10-19T04:05:53.616+0000] {logging_mixin.py:188} INFO - [2025-10-19T04:05:53.616+0000] {dagbag.py:538} INFO - Filling up the DagBag from /opt/airflow/dags/data-pipeline.py
[2025-10-19T04:05:53.638+0000] {processor.py:840} INFO - DAG(s) 'data_processing_pipeline' retrieved from /opt/airflow/dags/data-pipeline.py
[2025-10-19T04:05:53.687+0000] {logging_mixin.py:188} INFO - [2025-10-19T04:05:53.687+0000] {dag.py:3036} INFO - Sync 1 DAGs
[2025-10-19T04:05:53.733+0000] {logging_mixin.py:188} INFO - [2025-10-19T04:05:53.732+0000] {dag.py:3823} INFO - Setting next_dagrun for data_processing_pipeline to 2025-10-19 05:00:00+00:00, run_after=2025-10-20 05:00:00+00:00
[2025-10-19T04:05:53.780+0000] {processor.py:183} INFO - Processing /opt/airflow/dags/data-pipeline.py took 0.173 seconds
[2025-10-19T04:06:23.979+0000] {processor.py:161} INFO - Started process (PID=257) to work on /opt/airflow/dags/data-pipeline.py
[2025-10-19T04:06:23.980+0000] {processor.py:830} INFO - Processing file /opt/airflow/dags/data-pipeline.py for tasks to queue
[2025-10-19T04:06:23.983+0000] {logging_mixin.py:188} INFO - [2025-10-19T04:06:23.983+0000] {dagbag.py:538} INFO - Filling up the DagBag from /opt/airflow/dags/data-pipeline.py
[2025-10-19T04:06:24.005+0000] {processor.py:840} INFO - DAG(s) 'data_processing_pipeline' retrieved from /opt/airflow/dags/data-pipeline.py
[2025-10-19T04:06:24.059+0000] {logging_mixin.py:188} INFO - [2025-10-19T04:06:24.059+0000] {dag.py:3036} INFO - Sync 1 DAGs
[2025-10-19T04:06:24.107+0000] {logging_mixin.py:188} INFO - [2025-10-19T04:06:24.106+0000] {dag.py:3823} INFO - Setting next_dagrun for data_processing_pipeline to 2025-10-19 05:00:00+00:00, run_after=2025-10-20 05:00:00+00:00
[2025-10-19T04:06:24.154+0000] {processor.py:183} INFO - Processing /opt/airflow/dags/data-pipeline.py took 0.181 seconds
[2025-10-19T04:06:54.362+0000] {processor.py:161} INFO - Started process (PID=264) to work on /opt/airflow/dags/data-pipeline.py
[2025-10-19T04:06:54.363+0000] {processor.py:830} INFO - Processing file /opt/airflow/dags/data-pipeline.py for tasks to queue
[2025-10-19T04:06:54.366+0000] {logging_mixin.py:188} INFO - [2025-10-19T04:06:54.365+0000] {dagbag.py:538} INFO - Filling up the DagBag from /opt/airflow/dags/data-pipeline.py
[2025-10-19T04:06:54.387+0000] {processor.py:840} INFO - DAG(s) 'data_processing_pipeline' retrieved from /opt/airflow/dags/data-pipeline.py
[2025-10-19T04:06:54.440+0000] {logging_mixin.py:188} INFO - [2025-10-19T04:06:54.439+0000] {dag.py:3036} INFO - Sync 1 DAGs
[2025-10-19T04:06:54.486+0000] {logging_mixin.py:188} INFO - [2025-10-19T04:06:54.485+0000] {dag.py:3823} INFO - Setting next_dagrun for data_processing_pipeline to 2025-10-19 05:00:00+00:00, run_after=2025-10-20 05:00:00+00:00
[2025-10-19T04:06:54.520+0000] {processor.py:183} INFO - Processing /opt/airflow/dags/data-pipeline.py took 0.165 seconds
[2025-10-19T04:07:24.742+0000] {processor.py:161} INFO - Started process (PID=271) to work on /opt/airflow/dags/data-pipeline.py
[2025-10-19T04:07:24.743+0000] {processor.py:830} INFO - Processing file /opt/airflow/dags/data-pipeline.py for tasks to queue
[2025-10-19T04:07:24.746+0000] {logging_mixin.py:188} INFO - [2025-10-19T04:07:24.746+0000] {dagbag.py:538} INFO - Filling up the DagBag from /opt/airflow/dags/data-pipeline.py
[2025-10-19T04:07:24.768+0000] {processor.py:840} INFO - DAG(s) 'data_processing_pipeline' retrieved from /opt/airflow/dags/data-pipeline.py
[2025-10-19T04:07:24.817+0000] {logging_mixin.py:188} INFO - [2025-10-19T04:07:24.817+0000] {dag.py:3036} INFO - Sync 1 DAGs
[2025-10-19T04:07:24.864+0000] {logging_mixin.py:188} INFO - [2025-10-19T04:07:24.864+0000] {dag.py:3823} INFO - Setting next_dagrun for data_processing_pipeline to 2025-10-19 05:00:00+00:00, run_after=2025-10-20 05:00:00+00:00
[2025-10-19T04:07:24.912+0000] {processor.py:183} INFO - Processing /opt/airflow/dags/data-pipeline.py took 0.175 seconds
[2025-10-19T04:07:55.113+0000] {processor.py:161} INFO - Started process (PID=278) to work on /opt/airflow/dags/data-pipeline.py
[2025-10-19T04:07:55.114+0000] {processor.py:830} INFO - Processing file /opt/airflow/dags/data-pipeline.py for tasks to queue
[2025-10-19T04:07:55.118+0000] {logging_mixin.py:188} INFO - [2025-10-19T04:07:55.118+0000] {dagbag.py:538} INFO - Filling up the DagBag from /opt/airflow/dags/data-pipeline.py
[2025-10-19T04:07:55.138+0000] {processor.py:840} INFO - DAG(s) 'data_processing_pipeline' retrieved from /opt/airflow/dags/data-pipeline.py
[2025-10-19T04:07:55.189+0000] {logging_mixin.py:188} INFO - [2025-10-19T04:07:55.188+0000] {dag.py:3036} INFO - Sync 1 DAGs
[2025-10-19T04:07:55.237+0000] {logging_mixin.py:188} INFO - [2025-10-19T04:07:55.236+0000] {dag.py:3823} INFO - Setting next_dagrun for data_processing_pipeline to 2025-10-19 05:00:00+00:00, run_after=2025-10-20 05:00:00+00:00
[2025-10-19T04:07:55.283+0000] {processor.py:183} INFO - Processing /opt/airflow/dags/data-pipeline.py took 0.177 seconds
[2025-10-19T04:08:25.490+0000] {processor.py:161} INFO - Started process (PID=285) to work on /opt/airflow/dags/data-pipeline.py
[2025-10-19T04:08:25.491+0000] {processor.py:830} INFO - Processing file /opt/airflow/dags/data-pipeline.py for tasks to queue
[2025-10-19T04:08:25.495+0000] {logging_mixin.py:188} INFO - [2025-10-19T04:08:25.494+0000] {dagbag.py:538} INFO - Filling up the DagBag from /opt/airflow/dags/data-pipeline.py
[2025-10-19T04:08:25.514+0000] {processor.py:840} INFO - DAG(s) 'data_processing_pipeline' retrieved from /opt/airflow/dags/data-pipeline.py
[2025-10-19T04:08:25.565+0000] {logging_mixin.py:188} INFO - [2025-10-19T04:08:25.565+0000] {dag.py:3036} INFO - Sync 1 DAGs
[2025-10-19T04:08:25.613+0000] {logging_mixin.py:188} INFO - [2025-10-19T04:08:25.612+0000] {dag.py:3823} INFO - Setting next_dagrun for data_processing_pipeline to 2025-10-19 05:00:00+00:00, run_after=2025-10-20 05:00:00+00:00
[2025-10-19T04:08:25.666+0000] {processor.py:183} INFO - Processing /opt/airflow/dags/data-pipeline.py took 0.182 seconds
[2025-10-19T04:08:55.881+0000] {processor.py:161} INFO - Started process (PID=292) to work on /opt/airflow/dags/data-pipeline.py
[2025-10-19T04:08:55.882+0000] {processor.py:830} INFO - Processing file /opt/airflow/dags/data-pipeline.py for tasks to queue
[2025-10-19T04:08:55.885+0000] {logging_mixin.py:188} INFO - [2025-10-19T04:08:55.884+0000] {dagbag.py:538} INFO - Filling up the DagBag from /opt/airflow/dags/data-pipeline.py
[2025-10-19T04:08:55.908+0000] {processor.py:840} INFO - DAG(s) 'data_processing_pipeline' retrieved from /opt/airflow/dags/data-pipeline.py
[2025-10-19T04:08:55.960+0000] {logging_mixin.py:188} INFO - [2025-10-19T04:08:55.960+0000] {dag.py:3036} INFO - Sync 1 DAGs
[2025-10-19T04:08:56.017+0000] {logging_mixin.py:188} INFO - [2025-10-19T04:08:56.016+0000] {dag.py:3823} INFO - Setting next_dagrun for data_processing_pipeline to 2025-10-19 05:00:00+00:00, run_after=2025-10-20 05:00:00+00:00
[2025-10-19T04:08:56.088+0000] {processor.py:183} INFO - Processing /opt/airflow/dags/data-pipeline.py took 0.213 seconds
[2025-10-19T04:09:26.315+0000] {processor.py:161} INFO - Started process (PID=299) to work on /opt/airflow/dags/data-pipeline.py
[2025-10-19T04:09:26.316+0000] {processor.py:830} INFO - Processing file /opt/airflow/dags/data-pipeline.py for tasks to queue
[2025-10-19T04:09:26.319+0000] {logging_mixin.py:188} INFO - [2025-10-19T04:09:26.318+0000] {dagbag.py:538} INFO - Filling up the DagBag from /opt/airflow/dags/data-pipeline.py
[2025-10-19T04:09:26.338+0000] {processor.py:840} INFO - DAG(s) 'data_processing_pipeline' retrieved from /opt/airflow/dags/data-pipeline.py
[2025-10-19T04:09:26.390+0000] {logging_mixin.py:188} INFO - [2025-10-19T04:09:26.390+0000] {dag.py:3036} INFO - Sync 1 DAGs
[2025-10-19T04:09:26.437+0000] {logging_mixin.py:188} INFO - [2025-10-19T04:09:26.437+0000] {dag.py:3823} INFO - Setting next_dagrun for data_processing_pipeline to 2025-10-19 05:00:00+00:00, run_after=2025-10-20 05:00:00+00:00
[2025-10-19T04:09:26.483+0000] {processor.py:183} INFO - Processing /opt/airflow/dags/data-pipeline.py took 0.174 seconds
[2025-10-19T04:09:56.679+0000] {processor.py:161} INFO - Started process (PID=306) to work on /opt/airflow/dags/data-pipeline.py
[2025-10-19T04:09:56.974+0000] {processor.py:830} INFO - Processing file /opt/airflow/dags/data-pipeline.py for tasks to queue
[2025-10-19T04:09:56.977+0000] {logging_mixin.py:188} INFO - [2025-10-19T04:09:56.977+0000] {dagbag.py:538} INFO - Filling up the DagBag from /opt/airflow/dags/data-pipeline.py
[2025-10-19T04:09:56.999+0000] {processor.py:840} INFO - DAG(s) 'data_processing_pipeline' retrieved from /opt/airflow/dags/data-pipeline.py
[2025-10-19T04:09:57.050+0000] {logging_mixin.py:188} INFO - [2025-10-19T04:09:57.050+0000] {dag.py:3036} INFO - Sync 1 DAGs
[2025-10-19T04:09:57.095+0000] {logging_mixin.py:188} INFO - [2025-10-19T04:09:57.095+0000] {dag.py:3823} INFO - Setting next_dagrun for data_processing_pipeline to 2025-10-19 05:00:00+00:00, run_after=2025-10-20 05:00:00+00:00
[2025-10-19T04:09:57.140+0000] {processor.py:183} INFO - Processing /opt/airflow/dags/data-pipeline.py took 0.466 seconds
[2025-10-19T04:10:27.358+0000] {processor.py:161} INFO - Started process (PID=313) to work on /opt/airflow/dags/data-pipeline.py
[2025-10-19T04:10:27.359+0000] {processor.py:830} INFO - Processing file /opt/airflow/dags/data-pipeline.py for tasks to queue
[2025-10-19T04:10:27.362+0000] {logging_mixin.py:188} INFO - [2025-10-19T04:10:27.362+0000] {dagbag.py:538} INFO - Filling up the DagBag from /opt/airflow/dags/data-pipeline.py
[2025-10-19T04:10:27.383+0000] {processor.py:840} INFO - DAG(s) 'data_processing_pipeline' retrieved from /opt/airflow/dags/data-pipeline.py
[2025-10-19T04:10:27.432+0000] {logging_mixin.py:188} INFO - [2025-10-19T04:10:27.432+0000] {dag.py:3036} INFO - Sync 1 DAGs
[2025-10-19T04:10:27.487+0000] {logging_mixin.py:188} INFO - [2025-10-19T04:10:27.486+0000] {dag.py:3823} INFO - Setting next_dagrun for data_processing_pipeline to 2025-10-19 05:00:00+00:00, run_after=2025-10-20 05:00:00+00:00
[2025-10-19T04:10:27.520+0000] {processor.py:183} INFO - Processing /opt/airflow/dags/data-pipeline.py took 0.168 seconds
[2025-10-19T04:10:57.735+0000] {processor.py:161} INFO - Started process (PID=320) to work on /opt/airflow/dags/data-pipeline.py
[2025-10-19T04:10:57.737+0000] {processor.py:830} INFO - Processing file /opt/airflow/dags/data-pipeline.py for tasks to queue
[2025-10-19T04:10:57.742+0000] {logging_mixin.py:188} INFO - [2025-10-19T04:10:57.741+0000] {dagbag.py:538} INFO - Filling up the DagBag from /opt/airflow/dags/data-pipeline.py
[2025-10-19T04:10:57.765+0000] {processor.py:840} INFO - DAG(s) 'data_processing_pipeline' retrieved from /opt/airflow/dags/data-pipeline.py
[2025-10-19T04:10:57.821+0000] {logging_mixin.py:188} INFO - [2025-10-19T04:10:57.821+0000] {dag.py:3036} INFO - Sync 1 DAGs
[2025-10-19T04:10:57.868+0000] {logging_mixin.py:188} INFO - [2025-10-19T04:10:57.868+0000] {dag.py:3823} INFO - Setting next_dagrun for data_processing_pipeline to 2025-10-19 05:00:00+00:00, run_after=2025-10-20 05:00:00+00:00
[2025-10-19T04:10:57.913+0000] {processor.py:183} INFO - Processing /opt/airflow/dags/data-pipeline.py took 0.188 seconds
[2025-10-19T04:11:28.114+0000] {processor.py:161} INFO - Started process (PID=327) to work on /opt/airflow/dags/data-pipeline.py
[2025-10-19T04:11:28.409+0000] {processor.py:830} INFO - Processing file /opt/airflow/dags/data-pipeline.py for tasks to queue
[2025-10-19T04:11:28.413+0000] {logging_mixin.py:188} INFO - [2025-10-19T04:11:28.412+0000] {dagbag.py:538} INFO - Filling up the DagBag from /opt/airflow/dags/data-pipeline.py
[2025-10-19T04:11:28.434+0000] {processor.py:840} INFO - DAG(s) 'data_processing_pipeline' retrieved from /opt/airflow/dags/data-pipeline.py
[2025-10-19T04:11:28.487+0000] {logging_mixin.py:188} INFO - [2025-10-19T04:11:28.486+0000] {dag.py:3036} INFO - Sync 1 DAGs
[2025-10-19T04:11:28.533+0000] {logging_mixin.py:188} INFO - [2025-10-19T04:11:28.532+0000] {dag.py:3823} INFO - Setting next_dagrun for data_processing_pipeline to 2025-10-19 05:00:00+00:00, run_after=2025-10-20 05:00:00+00:00
[2025-10-19T04:11:28.577+0000] {processor.py:183} INFO - Processing /opt/airflow/dags/data-pipeline.py took 0.469 seconds
[2025-10-19T04:11:58.790+0000] {processor.py:161} INFO - Started process (PID=334) to work on /opt/airflow/dags/data-pipeline.py
[2025-10-19T04:11:58.790+0000] {processor.py:830} INFO - Processing file /opt/airflow/dags/data-pipeline.py for tasks to queue
[2025-10-19T04:11:58.793+0000] {logging_mixin.py:188} INFO - [2025-10-19T04:11:58.793+0000] {dagbag.py:538} INFO - Filling up the DagBag from /opt/airflow/dags/data-pipeline.py
[2025-10-19T04:11:58.812+0000] {processor.py:840} INFO - DAG(s) 'data_processing_pipeline' retrieved from /opt/airflow/dags/data-pipeline.py
[2025-10-19T04:11:58.857+0000] {logging_mixin.py:188} INFO - [2025-10-19T04:11:58.857+0000] {dag.py:3036} INFO - Sync 1 DAGs
[2025-10-19T04:11:58.900+0000] {logging_mixin.py:188} INFO - [2025-10-19T04:11:58.899+0000] {dag.py:3823} INFO - Setting next_dagrun for data_processing_pipeline to 2025-10-19 05:00:00+00:00, run_after=2025-10-20 05:00:00+00:00
[2025-10-19T04:11:58.942+0000] {processor.py:183} INFO - Processing /opt/airflow/dags/data-pipeline.py took 0.158 seconds
[2025-10-19T04:12:28.997+0000] {processor.py:161} INFO - Started process (PID=341) to work on /opt/airflow/dags/data-pipeline.py
[2025-10-19T04:12:29.299+0000] {processor.py:830} INFO - Processing file /opt/airflow/dags/data-pipeline.py for tasks to queue
[2025-10-19T04:12:29.300+0000] {logging_mixin.py:188} INFO - [2025-10-19T04:12:29.300+0000] {dagbag.py:538} INFO - Filling up the DagBag from /opt/airflow/dags/data-pipeline.py
[2025-10-19T04:12:29.307+0000] {processor.py:840} INFO - DAG(s) 'data_processing_pipeline' retrieved from /opt/airflow/dags/data-pipeline.py
[2025-10-19T04:12:29.325+0000] {logging_mixin.py:188} INFO - [2025-10-19T04:12:29.325+0000] {dag.py:3036} INFO - Sync 1 DAGs
[2025-10-19T04:12:29.343+0000] {logging_mixin.py:188} INFO - [2025-10-19T04:12:29.343+0000] {dag.py:3823} INFO - Setting next_dagrun for data_processing_pipeline to 2025-10-19 05:00:00+00:00, run_after=2025-10-20 05:00:00+00:00
[2025-10-19T04:12:29.367+0000] {processor.py:183} INFO - Processing /opt/airflow/dags/data-pipeline.py took 0.372 seconds
[2025-10-19T04:12:59.561+0000] {processor.py:161} INFO - Started process (PID=348) to work on /opt/airflow/dags/data-pipeline.py
[2025-10-19T04:12:59.562+0000] {processor.py:830} INFO - Processing file /opt/airflow/dags/data-pipeline.py for tasks to queue
[2025-10-19T04:12:59.565+0000] {logging_mixin.py:188} INFO - [2025-10-19T04:12:59.565+0000] {dagbag.py:538} INFO - Filling up the DagBag from /opt/airflow/dags/data-pipeline.py
[2025-10-19T04:12:59.586+0000] {processor.py:840} INFO - DAG(s) 'data_processing_pipeline' retrieved from /opt/airflow/dags/data-pipeline.py
[2025-10-19T04:12:59.639+0000] {logging_mixin.py:188} INFO - [2025-10-19T04:12:59.639+0000] {dag.py:3036} INFO - Sync 1 DAGs
[2025-10-19T04:12:59.695+0000] {logging_mixin.py:188} INFO - [2025-10-19T04:12:59.695+0000] {dag.py:3823} INFO - Setting next_dagrun for data_processing_pipeline to 2025-10-19 05:00:00+00:00, run_after=2025-10-20 05:00:00+00:00
[2025-10-19T04:12:59.745+0000] {processor.py:183} INFO - Processing /opt/airflow/dags/data-pipeline.py took 0.191 seconds
[2025-10-19T04:13:29.939+0000] {processor.py:161} INFO - Started process (PID=355) to work on /opt/airflow/dags/data-pipeline.py
[2025-10-19T04:13:29.941+0000] {processor.py:830} INFO - Processing file /opt/airflow/dags/data-pipeline.py for tasks to queue
[2025-10-19T04:13:29.945+0000] {logging_mixin.py:188} INFO - [2025-10-19T04:13:29.944+0000] {dagbag.py:538} INFO - Filling up the DagBag from /opt/airflow/dags/data-pipeline.py
[2025-10-19T04:13:29.965+0000] {processor.py:840} INFO - DAG(s) 'data_processing_pipeline' retrieved from /opt/airflow/dags/data-pipeline.py
[2025-10-19T04:13:30.014+0000] {logging_mixin.py:188} INFO - [2025-10-19T04:13:30.014+0000] {dag.py:3036} INFO - Sync 1 DAGs
[2025-10-19T04:13:30.061+0000] {logging_mixin.py:188} INFO - [2025-10-19T04:13:30.061+0000] {dag.py:3823} INFO - Setting next_dagrun for data_processing_pipeline to 2025-10-19 05:00:00+00:00, run_after=2025-10-20 05:00:00+00:00
[2025-10-19T04:13:30.107+0000] {processor.py:183} INFO - Processing /opt/airflow/dags/data-pipeline.py took 0.173 seconds
[2025-10-19T04:14:00.305+0000] {processor.py:161} INFO - Started process (PID=362) to work on /opt/airflow/dags/data-pipeline.py
[2025-10-19T04:14:00.305+0000] {processor.py:830} INFO - Processing file /opt/airflow/dags/data-pipeline.py for tasks to queue
[2025-10-19T04:14:00.310+0000] {logging_mixin.py:188} INFO - [2025-10-19T04:14:00.309+0000] {dagbag.py:538} INFO - Filling up the DagBag from /opt/airflow/dags/data-pipeline.py
[2025-10-19T04:14:00.330+0000] {processor.py:840} INFO - DAG(s) 'data_processing_pipeline' retrieved from /opt/airflow/dags/data-pipeline.py
[2025-10-19T04:14:00.384+0000] {logging_mixin.py:188} INFO - [2025-10-19T04:14:00.384+0000] {dag.py:3036} INFO - Sync 1 DAGs
[2025-10-19T04:14:00.432+0000] {logging_mixin.py:188} INFO - [2025-10-19T04:14:00.432+0000] {dag.py:3823} INFO - Setting next_dagrun for data_processing_pipeline to 2025-10-19 05:00:00+00:00, run_after=2025-10-20 05:00:00+00:00
[2025-10-19T04:14:00.480+0000] {processor.py:183} INFO - Processing /opt/airflow/dags/data-pipeline.py took 0.182 seconds
[2025-10-19T04:14:30.687+0000] {processor.py:161} INFO - Started process (PID=369) to work on /opt/airflow/dags/data-pipeline.py
[2025-10-19T04:14:30.978+0000] {processor.py:830} INFO - Processing file /opt/airflow/dags/data-pipeline.py for tasks to queue
[2025-10-19T04:14:30.982+0000] {logging_mixin.py:188} INFO - [2025-10-19T04:14:30.981+0000] {dagbag.py:538} INFO - Filling up the DagBag from /opt/airflow/dags/data-pipeline.py
[2025-10-19T04:14:31.002+0000] {processor.py:840} INFO - DAG(s) 'data_processing_pipeline' retrieved from /opt/airflow/dags/data-pipeline.py
[2025-10-19T04:14:31.058+0000] {logging_mixin.py:188} INFO - [2025-10-19T04:14:31.058+0000] {dag.py:3036} INFO - Sync 1 DAGs
[2025-10-19T04:14:31.109+0000] {logging_mixin.py:188} INFO - [2025-10-19T04:14:31.109+0000] {dag.py:3823} INFO - Setting next_dagrun for data_processing_pipeline to 2025-10-19 05:00:00+00:00, run_after=2025-10-20 05:00:00+00:00
[2025-10-19T04:14:31.159+0000] {processor.py:183} INFO - Processing /opt/airflow/dags/data-pipeline.py took 0.480 seconds
[2025-10-19T04:15:01.382+0000] {processor.py:161} INFO - Started process (PID=376) to work on /opt/airflow/dags/data-pipeline.py
[2025-10-19T04:15:01.383+0000] {processor.py:830} INFO - Processing file /opt/airflow/dags/data-pipeline.py for tasks to queue
[2025-10-19T04:15:01.387+0000] {logging_mixin.py:188} INFO - [2025-10-19T04:15:01.386+0000] {dagbag.py:538} INFO - Filling up the DagBag from /opt/airflow/dags/data-pipeline.py
[2025-10-19T04:15:01.408+0000] {processor.py:840} INFO - DAG(s) 'data_processing_pipeline' retrieved from /opt/airflow/dags/data-pipeline.py
[2025-10-19T04:15:01.459+0000] {logging_mixin.py:188} INFO - [2025-10-19T04:15:01.459+0000] {dag.py:3036} INFO - Sync 1 DAGs
[2025-10-19T04:15:01.505+0000] {logging_mixin.py:188} INFO - [2025-10-19T04:15:01.505+0000] {dag.py:3823} INFO - Setting next_dagrun for data_processing_pipeline to 2025-10-19 05:00:00+00:00, run_after=2025-10-20 05:00:00+00:00
[2025-10-19T04:15:01.553+0000] {processor.py:183} INFO - Processing /opt/airflow/dags/data-pipeline.py took 0.177 seconds
[2025-10-19T04:15:31.769+0000] {processor.py:161} INFO - Started process (PID=383) to work on /opt/airflow/dags/data-pipeline.py
[2025-10-19T04:15:32.067+0000] {processor.py:830} INFO - Processing file /opt/airflow/dags/data-pipeline.py for tasks to queue
[2025-10-19T04:15:32.071+0000] {logging_mixin.py:188} INFO - [2025-10-19T04:15:32.070+0000] {dagbag.py:538} INFO - Filling up the DagBag from /opt/airflow/dags/data-pipeline.py
[2025-10-19T04:15:32.094+0000] {processor.py:840} INFO - DAG(s) 'data_processing_pipeline' retrieved from /opt/airflow/dags/data-pipeline.py
[2025-10-19T04:15:32.149+0000] {logging_mixin.py:188} INFO - [2025-10-19T04:15:32.149+0000] {dag.py:3036} INFO - Sync 1 DAGs
[2025-10-19T04:15:32.198+0000] {logging_mixin.py:188} INFO - [2025-10-19T04:15:32.197+0000] {dag.py:3823} INFO - Setting next_dagrun for data_processing_pipeline to 2025-10-19 05:00:00+00:00, run_after=2025-10-20 05:00:00+00:00
[2025-10-19T04:15:32.239+0000] {processor.py:183} INFO - Processing /opt/airflow/dags/data-pipeline.py took 0.477 seconds
[2025-10-19T04:16:02.442+0000] {processor.py:161} INFO - Started process (PID=390) to work on /opt/airflow/dags/data-pipeline.py
[2025-10-19T04:16:02.443+0000] {processor.py:830} INFO - Processing file /opt/airflow/dags/data-pipeline.py for tasks to queue
[2025-10-19T04:16:02.446+0000] {logging_mixin.py:188} INFO - [2025-10-19T04:16:02.445+0000] {dagbag.py:538} INFO - Filling up the DagBag from /opt/airflow/dags/data-pipeline.py
[2025-10-19T04:16:02.466+0000] {processor.py:840} INFO - DAG(s) 'data_processing_pipeline' retrieved from /opt/airflow/dags/data-pipeline.py
[2025-10-19T04:16:02.516+0000] {logging_mixin.py:188} INFO - [2025-10-19T04:16:02.516+0000] {dag.py:3036} INFO - Sync 1 DAGs
[2025-10-19T04:16:02.565+0000] {logging_mixin.py:188} INFO - [2025-10-19T04:16:02.564+0000] {dag.py:3823} INFO - Setting next_dagrun for data_processing_pipeline to 2025-10-19 05:00:00+00:00, run_after=2025-10-20 05:00:00+00:00
[2025-10-19T04:16:02.610+0000] {processor.py:183} INFO - Processing /opt/airflow/dags/data-pipeline.py took 0.174 seconds
[2025-10-19T04:16:32.820+0000] {processor.py:161} INFO - Started process (PID=397) to work on /opt/airflow/dags/data-pipeline.py
[2025-10-19T04:16:33.105+0000] {processor.py:830} INFO - Processing file /opt/airflow/dags/data-pipeline.py for tasks to queue
[2025-10-19T04:16:33.109+0000] {logging_mixin.py:188} INFO - [2025-10-19T04:16:33.108+0000] {dagbag.py:538} INFO - Filling up the DagBag from /opt/airflow/dags/data-pipeline.py
[2025-10-19T04:16:33.130+0000] {processor.py:840} INFO - DAG(s) 'data_processing_pipeline' retrieved from /opt/airflow/dags/data-pipeline.py
[2025-10-19T04:16:33.183+0000] {logging_mixin.py:188} INFO - [2025-10-19T04:16:33.182+0000] {dag.py:3036} INFO - Sync 1 DAGs
[2025-10-19T04:16:33.238+0000] {logging_mixin.py:188} INFO - [2025-10-19T04:16:33.237+0000] {dag.py:3823} INFO - Setting next_dagrun for data_processing_pipeline to 2025-10-19 05:00:00+00:00, run_after=2025-10-20 05:00:00+00:00
[2025-10-19T04:16:33.273+0000] {processor.py:183} INFO - Processing /opt/airflow/dags/data-pipeline.py took 0.460 seconds
[2025-10-19T04:17:03.488+0000] {processor.py:161} INFO - Started process (PID=404) to work on /opt/airflow/dags/data-pipeline.py
[2025-10-19T04:17:03.489+0000] {processor.py:830} INFO - Processing file /opt/airflow/dags/data-pipeline.py for tasks to queue
[2025-10-19T04:17:03.492+0000] {logging_mixin.py:188} INFO - [2025-10-19T04:17:03.492+0000] {dagbag.py:538} INFO - Filling up the DagBag from /opt/airflow/dags/data-pipeline.py
[2025-10-19T04:17:03.513+0000] {processor.py:840} INFO - DAG(s) 'data_processing_pipeline' retrieved from /opt/airflow/dags/data-pipeline.py
[2025-10-19T04:17:03.571+0000] {logging_mixin.py:188} INFO - [2025-10-19T04:17:03.570+0000] {dag.py:3036} INFO - Sync 1 DAGs
[2025-10-19T04:17:03.623+0000] {logging_mixin.py:188} INFO - [2025-10-19T04:17:03.622+0000] {dag.py:3823} INFO - Setting next_dagrun for data_processing_pipeline to 2025-10-19 05:00:00+00:00, run_after=2025-10-20 05:00:00+00:00
[2025-10-19T04:17:03.671+0000] {processor.py:183} INFO - Processing /opt/airflow/dags/data-pipeline.py took 0.190 seconds
[2025-10-19T04:17:33.875+0000] {processor.py:161} INFO - Started process (PID=411) to work on /opt/airflow/dags/data-pipeline.py
[2025-10-19T04:17:33.876+0000] {processor.py:830} INFO - Processing file /opt/airflow/dags/data-pipeline.py for tasks to queue
[2025-10-19T04:17:33.879+0000] {logging_mixin.py:188} INFO - [2025-10-19T04:17:33.879+0000] {dagbag.py:538} INFO - Filling up the DagBag from /opt/airflow/dags/data-pipeline.py
[2025-10-19T04:17:33.900+0000] {processor.py:840} INFO - DAG(s) 'data_processing_pipeline' retrieved from /opt/airflow/dags/data-pipeline.py
[2025-10-19T04:17:33.951+0000] {logging_mixin.py:188} INFO - [2025-10-19T04:17:33.951+0000] {dag.py:3036} INFO - Sync 1 DAGs
[2025-10-19T04:17:34.004+0000] {logging_mixin.py:188} INFO - [2025-10-19T04:17:34.003+0000] {dag.py:3823} INFO - Setting next_dagrun for data_processing_pipeline to 2025-10-19 05:00:00+00:00, run_after=2025-10-20 05:00:00+00:00
[2025-10-19T04:17:34.040+0000] {processor.py:183} INFO - Processing /opt/airflow/dags/data-pipeline.py took 0.172 seconds
[2025-10-19T04:18:04.251+0000] {processor.py:161} INFO - Started process (PID=418) to work on /opt/airflow/dags/data-pipeline.py
[2025-10-19T04:18:04.252+0000] {processor.py:830} INFO - Processing file /opt/airflow/dags/data-pipeline.py for tasks to queue
[2025-10-19T04:18:04.255+0000] {logging_mixin.py:188} INFO - [2025-10-19T04:18:04.255+0000] {dagbag.py:538} INFO - Filling up the DagBag from /opt/airflow/dags/data-pipeline.py
[2025-10-19T04:18:04.277+0000] {processor.py:840} INFO - DAG(s) 'data_processing_pipeline' retrieved from /opt/airflow/dags/data-pipeline.py
[2025-10-19T04:18:04.330+0000] {logging_mixin.py:188} INFO - [2025-10-19T04:18:04.330+0000] {dag.py:3036} INFO - Sync 1 DAGs
[2025-10-19T04:18:04.377+0000] {logging_mixin.py:188} INFO - [2025-10-19T04:18:04.376+0000] {dag.py:3823} INFO - Setting next_dagrun for data_processing_pipeline to 2025-10-19 05:00:00+00:00, run_after=2025-10-20 05:00:00+00:00
[2025-10-19T04:18:04.425+0000] {processor.py:183} INFO - Processing /opt/airflow/dags/data-pipeline.py took 0.180 seconds
[2025-10-19T04:18:34.636+0000] {processor.py:161} INFO - Started process (PID=425) to work on /opt/airflow/dags/data-pipeline.py
[2025-10-19T04:18:34.938+0000] {processor.py:830} INFO - Processing file /opt/airflow/dags/data-pipeline.py for tasks to queue
[2025-10-19T04:18:34.942+0000] {logging_mixin.py:188} INFO - [2025-10-19T04:18:34.941+0000] {dagbag.py:538} INFO - Filling up the DagBag from /opt/airflow/dags/data-pipeline.py
[2025-10-19T04:18:34.963+0000] {processor.py:840} INFO - DAG(s) 'data_processing_pipeline' retrieved from /opt/airflow/dags/data-pipeline.py
[2025-10-19T04:18:35.015+0000] {logging_mixin.py:188} INFO - [2025-10-19T04:18:35.015+0000] {dag.py:3036} INFO - Sync 1 DAGs
[2025-10-19T04:18:35.069+0000] {logging_mixin.py:188} INFO - [2025-10-19T04:18:35.069+0000] {dag.py:3823} INFO - Setting next_dagrun for data_processing_pipeline to 2025-10-19 05:00:00+00:00, run_after=2025-10-20 05:00:00+00:00
[2025-10-19T04:18:35.106+0000] {processor.py:183} INFO - Processing /opt/airflow/dags/data-pipeline.py took 0.476 seconds
[2025-10-19T04:19:05.311+0000] {processor.py:161} INFO - Started process (PID=432) to work on /opt/airflow/dags/data-pipeline.py
[2025-10-19T04:19:05.312+0000] {processor.py:830} INFO - Processing file /opt/airflow/dags/data-pipeline.py for tasks to queue
[2025-10-19T04:19:05.315+0000] {logging_mixin.py:188} INFO - [2025-10-19T04:19:05.314+0000] {dagbag.py:538} INFO - Filling up the DagBag from /opt/airflow/dags/data-pipeline.py
[2025-10-19T04:19:05.335+0000] {processor.py:840} INFO - DAG(s) 'data_processing_pipeline' retrieved from /opt/airflow/dags/data-pipeline.py
[2025-10-19T04:19:05.386+0000] {logging_mixin.py:188} INFO - [2025-10-19T04:19:05.386+0000] {dag.py:3036} INFO - Sync 1 DAGs
[2025-10-19T04:19:05.437+0000] {logging_mixin.py:188} INFO - [2025-10-19T04:19:05.437+0000] {dag.py:3823} INFO - Setting next_dagrun for data_processing_pipeline to 2025-10-19 05:00:00+00:00, run_after=2025-10-20 05:00:00+00:00
[2025-10-19T04:19:05.484+0000] {processor.py:183} INFO - Processing /opt/airflow/dags/data-pipeline.py took 0.180 seconds
[2025-10-19T04:19:35.692+0000] {processor.py:161} INFO - Started process (PID=439) to work on /opt/airflow/dags/data-pipeline.py
[2025-10-19T04:19:35.708+0000] {processor.py:830} INFO - Processing file /opt/airflow/dags/data-pipeline.py for tasks to queue
[2025-10-19T04:19:35.711+0000] {logging_mixin.py:188} INFO - [2025-10-19T04:19:35.710+0000] {dagbag.py:538} INFO - Filling up the DagBag from /opt/airflow/dags/data-pipeline.py
[2025-10-19T04:19:35.731+0000] {processor.py:840} INFO - DAG(s) 'data_processing_pipeline' retrieved from /opt/airflow/dags/data-pipeline.py
[2025-10-19T04:19:35.781+0000] {logging_mixin.py:188} INFO - [2025-10-19T04:19:35.781+0000] {dag.py:3036} INFO - Sync 1 DAGs
[2025-10-19T04:19:35.828+0000] {logging_mixin.py:188} INFO - [2025-10-19T04:19:35.827+0000] {dag.py:3823} INFO - Setting next_dagrun for data_processing_pipeline to 2025-10-19 05:00:00+00:00, run_after=2025-10-20 05:00:00+00:00
[2025-10-19T04:19:35.873+0000] {processor.py:183} INFO - Processing /opt/airflow/dags/data-pipeline.py took 0.186 seconds
[2025-10-19T04:20:06.081+0000] {processor.py:161} INFO - Started process (PID=446) to work on /opt/airflow/dags/data-pipeline.py
[2025-10-19T04:20:06.274+0000] {processor.py:830} INFO - Processing file /opt/airflow/dags/data-pipeline.py for tasks to queue
[2025-10-19T04:20:06.278+0000] {logging_mixin.py:188} INFO - [2025-10-19T04:20:06.277+0000] {dagbag.py:538} INFO - Filling up the DagBag from /opt/airflow/dags/data-pipeline.py
[2025-10-19T04:20:06.300+0000] {processor.py:840} INFO - DAG(s) 'data_processing_pipeline' retrieved from /opt/airflow/dags/data-pipeline.py
[2025-10-19T04:20:06.352+0000] {logging_mixin.py:188} INFO - [2025-10-19T04:20:06.352+0000] {dag.py:3036} INFO - Sync 1 DAGs
[2025-10-19T04:20:06.398+0000] {logging_mixin.py:188} INFO - [2025-10-19T04:20:06.397+0000] {dag.py:3823} INFO - Setting next_dagrun for data_processing_pipeline to 2025-10-19 05:00:00+00:00, run_after=2025-10-20 05:00:00+00:00
[2025-10-19T04:20:06.443+0000] {processor.py:183} INFO - Processing /opt/airflow/dags/data-pipeline.py took 0.368 seconds
[2025-10-19T04:20:36.660+0000] {processor.py:161} INFO - Started process (PID=453) to work on /opt/airflow/dags/data-pipeline.py
[2025-10-19T04:20:36.661+0000] {processor.py:830} INFO - Processing file /opt/airflow/dags/data-pipeline.py for tasks to queue
[2025-10-19T04:20:36.664+0000] {logging_mixin.py:188} INFO - [2025-10-19T04:20:36.663+0000] {dagbag.py:538} INFO - Filling up the DagBag from /opt/airflow/dags/data-pipeline.py
[2025-10-19T04:20:36.685+0000] {processor.py:840} INFO - DAG(s) 'data_processing_pipeline' retrieved from /opt/airflow/dags/data-pipeline.py
[2025-10-19T04:20:36.735+0000] {logging_mixin.py:188} INFO - [2025-10-19T04:20:36.735+0000] {dag.py:3036} INFO - Sync 1 DAGs
[2025-10-19T04:20:36.782+0000] {logging_mixin.py:188} INFO - [2025-10-19T04:20:36.782+0000] {dag.py:3823} INFO - Setting next_dagrun for data_processing_pipeline to 2025-10-19 05:00:00+00:00, run_after=2025-10-20 05:00:00+00:00
[2025-10-19T04:20:36.826+0000] {processor.py:183} INFO - Processing /opt/airflow/dags/data-pipeline.py took 0.172 seconds
[2025-10-19T04:21:07.028+0000] {processor.py:161} INFO - Started process (PID=460) to work on /opt/airflow/dags/data-pipeline.py
[2025-10-19T04:21:07.029+0000] {processor.py:830} INFO - Processing file /opt/airflow/dags/data-pipeline.py for tasks to queue
[2025-10-19T04:21:07.033+0000] {logging_mixin.py:188} INFO - [2025-10-19T04:21:07.032+0000] {dagbag.py:538} INFO - Filling up the DagBag from /opt/airflow/dags/data-pipeline.py
[2025-10-19T04:21:07.053+0000] {processor.py:840} INFO - DAG(s) 'data_processing_pipeline' retrieved from /opt/airflow/dags/data-pipeline.py
[2025-10-19T04:21:07.103+0000] {logging_mixin.py:188} INFO - [2025-10-19T04:21:07.103+0000] {dag.py:3036} INFO - Sync 1 DAGs
[2025-10-19T04:21:07.148+0000] {logging_mixin.py:188} INFO - [2025-10-19T04:21:07.148+0000] {dag.py:3823} INFO - Setting next_dagrun for data_processing_pipeline to 2025-10-19 05:00:00+00:00, run_after=2025-10-20 05:00:00+00:00
[2025-10-19T04:21:07.195+0000] {processor.py:183} INFO - Processing /opt/airflow/dags/data-pipeline.py took 0.173 seconds
[2025-10-19T04:21:37.403+0000] {processor.py:161} INFO - Started process (PID=467) to work on /opt/airflow/dags/data-pipeline.py
[2025-10-19T04:21:37.405+0000] {processor.py:830} INFO - Processing file /opt/airflow/dags/data-pipeline.py for tasks to queue
[2025-10-19T04:21:37.409+0000] {logging_mixin.py:188} INFO - [2025-10-19T04:21:37.408+0000] {dagbag.py:538} INFO - Filling up the DagBag from /opt/airflow/dags/data-pipeline.py
[2025-10-19T04:21:37.431+0000] {processor.py:840} INFO - DAG(s) 'data_processing_pipeline' retrieved from /opt/airflow/dags/data-pipeline.py
[2025-10-19T04:21:37.488+0000] {logging_mixin.py:188} INFO - [2025-10-19T04:21:37.488+0000] {dag.py:3036} INFO - Sync 1 DAGs
[2025-10-19T04:21:37.539+0000] {logging_mixin.py:188} INFO - [2025-10-19T04:21:37.539+0000] {dag.py:3823} INFO - Setting next_dagrun for data_processing_pipeline to 2025-10-19 05:00:00+00:00, run_after=2025-10-20 05:00:00+00:00
[2025-10-19T04:21:37.577+0000] {processor.py:183} INFO - Processing /opt/airflow/dags/data-pipeline.py took 0.179 seconds
[2025-10-19T04:22:07.780+0000] {processor.py:161} INFO - Started process (PID=474) to work on /opt/airflow/dags/data-pipeline.py
[2025-10-19T04:22:07.781+0000] {processor.py:830} INFO - Processing file /opt/airflow/dags/data-pipeline.py for tasks to queue
[2025-10-19T04:22:07.785+0000] {logging_mixin.py:188} INFO - [2025-10-19T04:22:07.784+0000] {dagbag.py:538} INFO - Filling up the DagBag from /opt/airflow/dags/data-pipeline.py
[2025-10-19T04:22:07.803+0000] {processor.py:840} INFO - DAG(s) 'data_processing_pipeline' retrieved from /opt/airflow/dags/data-pipeline.py
[2025-10-19T04:22:07.850+0000] {logging_mixin.py:188} INFO - [2025-10-19T04:22:07.850+0000] {dag.py:3036} INFO - Sync 1 DAGs
[2025-10-19T04:22:07.893+0000] {logging_mixin.py:188} INFO - [2025-10-19T04:22:07.893+0000] {dag.py:3823} INFO - Setting next_dagrun for data_processing_pipeline to 2025-10-19 05:00:00+00:00, run_after=2025-10-20 05:00:00+00:00
[2025-10-19T04:22:07.922+0000] {processor.py:183} INFO - Processing /opt/airflow/dags/data-pipeline.py took 0.147 seconds
[2025-10-19T04:22:37.991+0000] {processor.py:161} INFO - Started process (PID=481) to work on /opt/airflow/dags/data-pipeline.py
[2025-10-19T04:22:38.288+0000] {processor.py:830} INFO - Processing file /opt/airflow/dags/data-pipeline.py for tasks to queue
[2025-10-19T04:22:38.290+0000] {logging_mixin.py:188} INFO - [2025-10-19T04:22:38.290+0000] {dagbag.py:538} INFO - Filling up the DagBag from /opt/airflow/dags/data-pipeline.py
[2025-10-19T04:22:38.305+0000] {processor.py:840} INFO - DAG(s) 'data_processing_pipeline' retrieved from /opt/airflow/dags/data-pipeline.py
[2025-10-19T04:22:38.348+0000] {logging_mixin.py:188} INFO - [2025-10-19T04:22:38.348+0000] {dag.py:3036} INFO - Sync 1 DAGs
[2025-10-19T04:22:38.389+0000] {logging_mixin.py:188} INFO - [2025-10-19T04:22:38.388+0000] {dag.py:3823} INFO - Setting next_dagrun for data_processing_pipeline to 2025-10-19 05:00:00+00:00, run_after=2025-10-20 05:00:00+00:00
[2025-10-19T04:22:38.427+0000] {processor.py:183} INFO - Processing /opt/airflow/dags/data-pipeline.py took 0.437 seconds
[2025-10-19T04:23:08.628+0000] {processor.py:161} INFO - Started process (PID=488) to work on /opt/airflow/dags/data-pipeline.py
[2025-10-19T04:23:08.628+0000] {processor.py:830} INFO - Processing file /opt/airflow/dags/data-pipeline.py for tasks to queue
[2025-10-19T04:23:08.629+0000] {logging_mixin.py:188} INFO - [2025-10-19T04:23:08.629+0000] {dagbag.py:538} INFO - Filling up the DagBag from /opt/airflow/dags/data-pipeline.py
[2025-10-19T04:23:08.636+0000] {processor.py:840} INFO - DAG(s) 'data_processing_pipeline' retrieved from /opt/airflow/dags/data-pipeline.py
[2025-10-19T04:23:08.656+0000] {logging_mixin.py:188} INFO - [2025-10-19T04:23:08.655+0000] {dag.py:3036} INFO - Sync 1 DAGs
[2025-10-19T04:23:08.673+0000] {logging_mixin.py:188} INFO - [2025-10-19T04:23:08.673+0000] {dag.py:3823} INFO - Setting next_dagrun for data_processing_pipeline to 2025-10-19 05:00:00+00:00, run_after=2025-10-20 05:00:00+00:00
[2025-10-19T04:23:08.696+0000] {processor.py:183} INFO - Processing /opt/airflow/dags/data-pipeline.py took 0.070 seconds
[2025-10-19T04:23:38.836+0000] {processor.py:161} INFO - Started process (PID=495) to work on /opt/airflow/dags/data-pipeline.py
[2025-10-19T04:23:38.837+0000] {processor.py:830} INFO - Processing file /opt/airflow/dags/data-pipeline.py for tasks to queue
[2025-10-19T04:23:38.841+0000] {logging_mixin.py:188} INFO - [2025-10-19T04:23:38.840+0000] {dagbag.py:538} INFO - Filling up the DagBag from /opt/airflow/dags/data-pipeline.py
[2025-10-19T04:23:38.861+0000] {processor.py:840} INFO - DAG(s) 'data_processing_pipeline' retrieved from /opt/airflow/dags/data-pipeline.py
[2025-10-19T04:23:38.912+0000] {logging_mixin.py:188} INFO - [2025-10-19T04:23:38.911+0000] {dag.py:3036} INFO - Sync 1 DAGs
[2025-10-19T04:23:38.963+0000] {logging_mixin.py:188} INFO - [2025-10-19T04:23:38.962+0000] {dag.py:3823} INFO - Setting next_dagrun for data_processing_pipeline to 2025-10-19 05:00:00+00:00, run_after=2025-10-20 05:00:00+00:00
[2025-10-19T04:23:38.998+0000] {processor.py:183} INFO - Processing /opt/airflow/dags/data-pipeline.py took 0.168 seconds
[2025-10-19T04:24:09.070+0000] {processor.py:161} INFO - Started process (PID=502) to work on /opt/airflow/dags/data-pipeline.py
[2025-10-19T04:24:09.071+0000] {processor.py:830} INFO - Processing file /opt/airflow/dags/data-pipeline.py for tasks to queue
[2025-10-19T04:24:09.074+0000] {logging_mixin.py:188} INFO - [2025-10-19T04:24:09.073+0000] {dagbag.py:538} INFO - Filling up the DagBag from /opt/airflow/dags/data-pipeline.py
[2025-10-19T04:24:09.096+0000] {processor.py:840} INFO - DAG(s) 'data_processing_pipeline' retrieved from /opt/airflow/dags/data-pipeline.py
[2025-10-19T04:24:09.150+0000] {logging_mixin.py:188} INFO - [2025-10-19T04:24:09.150+0000] {dag.py:3036} INFO - Sync 1 DAGs
[2025-10-19T04:24:09.198+0000] {logging_mixin.py:188} INFO - [2025-10-19T04:24:09.197+0000] {dag.py:3823} INFO - Setting next_dagrun for data_processing_pipeline to 2025-10-19 05:00:00+00:00, run_after=2025-10-20 05:00:00+00:00
[2025-10-19T04:24:09.245+0000] {processor.py:183} INFO - Processing /opt/airflow/dags/data-pipeline.py took 0.182 seconds
[2025-10-19T04:24:39.377+0000] {processor.py:161} INFO - Started process (PID=509) to work on /opt/airflow/dags/data-pipeline.py
[2025-10-19T04:24:39.669+0000] {processor.py:830} INFO - Processing file /opt/airflow/dags/data-pipeline.py for tasks to queue
[2025-10-19T04:24:39.672+0000] {logging_mixin.py:188} INFO - [2025-10-19T04:24:39.672+0000] {dagbag.py:538} INFO - Filling up the DagBag from /opt/airflow/dags/data-pipeline.py
[2025-10-19T04:24:39.694+0000] {processor.py:840} INFO - DAG(s) 'data_processing_pipeline' retrieved from /opt/airflow/dags/data-pipeline.py
[2025-10-19T04:24:39.747+0000] {logging_mixin.py:188} INFO - [2025-10-19T04:24:39.746+0000] {dag.py:3036} INFO - Sync 1 DAGs
[2025-10-19T04:24:39.793+0000] {logging_mixin.py:188} INFO - [2025-10-19T04:24:39.792+0000] {dag.py:3823} INFO - Setting next_dagrun for data_processing_pipeline to 2025-10-19 05:00:00+00:00, run_after=2025-10-20 05:00:00+00:00
[2025-10-19T04:24:39.839+0000] {processor.py:183} INFO - Processing /opt/airflow/dags/data-pipeline.py took 0.468 seconds
[2025-10-19T04:25:10.052+0000] {processor.py:161} INFO - Started process (PID=516) to work on /opt/airflow/dags/data-pipeline.py
[2025-10-19T04:25:10.053+0000] {processor.py:830} INFO - Processing file /opt/airflow/dags/data-pipeline.py for tasks to queue
[2025-10-19T04:25:10.056+0000] {logging_mixin.py:188} INFO - [2025-10-19T04:25:10.055+0000] {dagbag.py:538} INFO - Filling up the DagBag from /opt/airflow/dags/data-pipeline.py
[2025-10-19T04:25:10.088+0000] {processor.py:840} INFO - DAG(s) 'data_processing_pipeline' retrieved from /opt/airflow/dags/data-pipeline.py
[2025-10-19T04:25:10.140+0000] {logging_mixin.py:188} INFO - [2025-10-19T04:25:10.140+0000] {dag.py:3036} INFO - Sync 1 DAGs
[2025-10-19T04:25:10.186+0000] {logging_mixin.py:188} INFO - [2025-10-19T04:25:10.185+0000] {dag.py:3823} INFO - Setting next_dagrun for data_processing_pipeline to 2025-10-19 05:00:00+00:00, run_after=2025-10-20 05:00:00+00:00
[2025-10-19T04:25:10.221+0000] {processor.py:183} INFO - Processing /opt/airflow/dags/data-pipeline.py took 0.175 seconds
[2025-10-19T04:25:40.425+0000] {processor.py:161} INFO - Started process (PID=523) to work on /opt/airflow/dags/data-pipeline.py
[2025-10-19T04:25:40.713+0000] {processor.py:830} INFO - Processing file /opt/airflow/dags/data-pipeline.py for tasks to queue
[2025-10-19T04:25:40.716+0000] {logging_mixin.py:188} INFO - [2025-10-19T04:25:40.716+0000] {dagbag.py:538} INFO - Filling up the DagBag from /opt/airflow/dags/data-pipeline.py
[2025-10-19T04:25:40.737+0000] {processor.py:840} INFO - DAG(s) 'data_processing_pipeline' retrieved from /opt/airflow/dags/data-pipeline.py
[2025-10-19T04:25:40.788+0000] {logging_mixin.py:188} INFO - [2025-10-19T04:25:40.788+0000] {dag.py:3036} INFO - Sync 1 DAGs
[2025-10-19T04:25:40.834+0000] {logging_mixin.py:188} INFO - [2025-10-19T04:25:40.834+0000] {dag.py:3823} INFO - Setting next_dagrun for data_processing_pipeline to 2025-10-19 05:00:00+00:00, run_after=2025-10-20 05:00:00+00:00
[2025-10-19T04:25:40.879+0000] {processor.py:183} INFO - Processing /opt/airflow/dags/data-pipeline.py took 0.461 seconds
[2025-10-19T04:26:11.093+0000] {processor.py:161} INFO - Started process (PID=530) to work on /opt/airflow/dags/data-pipeline.py
[2025-10-19T04:26:11.094+0000] {processor.py:830} INFO - Processing file /opt/airflow/dags/data-pipeline.py for tasks to queue
[2025-10-19T04:26:11.097+0000] {logging_mixin.py:188} INFO - [2025-10-19T04:26:11.096+0000] {dagbag.py:538} INFO - Filling up the DagBag from /opt/airflow/dags/data-pipeline.py
[2025-10-19T04:26:11.118+0000] {processor.py:840} INFO - DAG(s) 'data_processing_pipeline' retrieved from /opt/airflow/dags/data-pipeline.py
[2025-10-19T04:26:11.169+0000] {logging_mixin.py:188} INFO - [2025-10-19T04:26:11.168+0000] {dag.py:3036} INFO - Sync 1 DAGs
[2025-10-19T04:26:11.219+0000] {logging_mixin.py:188} INFO - [2025-10-19T04:26:11.218+0000] {dag.py:3823} INFO - Setting next_dagrun for data_processing_pipeline to 2025-10-19 05:00:00+00:00, run_after=2025-10-20 05:00:00+00:00
[2025-10-19T04:26:11.265+0000] {processor.py:183} INFO - Processing /opt/airflow/dags/data-pipeline.py took 0.178 seconds
[2025-10-19T04:26:41.469+0000] {processor.py:161} INFO - Started process (PID=537) to work on /opt/airflow/dags/data-pipeline.py
[2025-10-19T04:26:41.762+0000] {processor.py:830} INFO - Processing file /opt/airflow/dags/data-pipeline.py for tasks to queue
[2025-10-19T04:26:41.766+0000] {logging_mixin.py:188} INFO - [2025-10-19T04:26:41.765+0000] {dagbag.py:538} INFO - Filling up the DagBag from /opt/airflow/dags/data-pipeline.py
[2025-10-19T04:26:41.787+0000] {processor.py:840} INFO - DAG(s) 'data_processing_pipeline' retrieved from /opt/airflow/dags/data-pipeline.py
[2025-10-19T04:26:41.840+0000] {logging_mixin.py:188} INFO - [2025-10-19T04:26:41.839+0000] {dag.py:3036} INFO - Sync 1 DAGs
[2025-10-19T04:26:41.893+0000] {logging_mixin.py:188} INFO - [2025-10-19T04:26:41.892+0000] {dag.py:3823} INFO - Setting next_dagrun for data_processing_pipeline to 2025-10-19 05:00:00+00:00, run_after=2025-10-20 05:00:00+00:00
[2025-10-19T04:26:41.929+0000] {processor.py:183} INFO - Processing /opt/airflow/dags/data-pipeline.py took 0.467 seconds
[2025-10-19T04:27:12.143+0000] {processor.py:161} INFO - Started process (PID=544) to work on /opt/airflow/dags/data-pipeline.py
[2025-10-19T04:27:12.144+0000] {processor.py:830} INFO - Processing file /opt/airflow/dags/data-pipeline.py for tasks to queue
[2025-10-19T04:27:12.147+0000] {logging_mixin.py:188} INFO - [2025-10-19T04:27:12.146+0000] {dagbag.py:538} INFO - Filling up the DagBag from /opt/airflow/dags/data-pipeline.py
[2025-10-19T04:27:12.167+0000] {processor.py:840} INFO - DAG(s) 'data_processing_pipeline' retrieved from /opt/airflow/dags/data-pipeline.py
[2025-10-19T04:27:12.215+0000] {logging_mixin.py:188} INFO - [2025-10-19T04:27:12.215+0000] {dag.py:3036} INFO - Sync 1 DAGs
[2025-10-19T04:27:12.263+0000] {logging_mixin.py:188} INFO - [2025-10-19T04:27:12.262+0000] {dag.py:3823} INFO - Setting next_dagrun for data_processing_pipeline to 2025-10-19 05:00:00+00:00, run_after=2025-10-20 05:00:00+00:00
[2025-10-19T04:27:12.308+0000] {processor.py:183} INFO - Processing /opt/airflow/dags/data-pipeline.py took 0.171 seconds
[2025-10-19T04:27:42.346+0000] {processor.py:161} INFO - Started process (PID=551) to work on /opt/airflow/dags/data-pipeline.py
[2025-10-19T04:27:42.359+0000] {processor.py:830} INFO - Processing file /opt/airflow/dags/data-pipeline.py for tasks to queue
[2025-10-19T04:27:42.364+0000] {logging_mixin.py:188} INFO - [2025-10-19T04:27:42.363+0000] {dagbag.py:538} INFO - Filling up the DagBag from /opt/airflow/dags/data-pipeline.py
[2025-10-19T04:27:42.384+0000] {processor.py:840} INFO - DAG(s) 'data_processing_pipeline' retrieved from /opt/airflow/dags/data-pipeline.py
[2025-10-19T04:27:42.436+0000] {logging_mixin.py:188} INFO - [2025-10-19T04:27:42.435+0000] {dag.py:3036} INFO - Sync 1 DAGs
[2025-10-19T04:27:42.485+0000] {logging_mixin.py:188} INFO - [2025-10-19T04:27:42.485+0000] {dag.py:3823} INFO - Setting next_dagrun for data_processing_pipeline to 2025-10-19 05:00:00+00:00, run_after=2025-10-20 05:00:00+00:00
[2025-10-19T04:27:42.517+0000] {processor.py:183} INFO - Processing /opt/airflow/dags/data-pipeline.py took 0.177 seconds
[2025-10-19T04:28:12.699+0000] {processor.py:161} INFO - Started process (PID=558) to work on /opt/airflow/dags/data-pipeline.py
[2025-10-19T04:28:12.700+0000] {processor.py:830} INFO - Processing file /opt/airflow/dags/data-pipeline.py for tasks to queue
[2025-10-19T04:28:12.704+0000] {logging_mixin.py:188} INFO - [2025-10-19T04:28:12.703+0000] {dagbag.py:538} INFO - Filling up the DagBag from /opt/airflow/dags/data-pipeline.py
[2025-10-19T04:28:12.724+0000] {processor.py:840} INFO - DAG(s) 'data_processing_pipeline' retrieved from /opt/airflow/dags/data-pipeline.py
[2025-10-19T04:28:12.776+0000] {logging_mixin.py:188} INFO - [2025-10-19T04:28:12.775+0000] {dag.py:3036} INFO - Sync 1 DAGs
[2025-10-19T04:28:12.824+0000] {logging_mixin.py:188} INFO - [2025-10-19T04:28:12.823+0000] {dag.py:3823} INFO - Setting next_dagrun for data_processing_pipeline to 2025-10-19 05:00:00+00:00, run_after=2025-10-20 05:00:00+00:00
[2025-10-19T04:28:12.869+0000] {processor.py:183} INFO - Processing /opt/airflow/dags/data-pipeline.py took 0.176 seconds
[2025-10-19T04:28:43.076+0000] {processor.py:161} INFO - Started process (PID=565) to work on /opt/airflow/dags/data-pipeline.py
[2025-10-19T04:28:43.077+0000] {processor.py:830} INFO - Processing file /opt/airflow/dags/data-pipeline.py for tasks to queue
[2025-10-19T04:28:43.080+0000] {logging_mixin.py:188} INFO - [2025-10-19T04:28:43.080+0000] {dagbag.py:538} INFO - Filling up the DagBag from /opt/airflow/dags/data-pipeline.py
[2025-10-19T04:28:43.101+0000] {processor.py:840} INFO - DAG(s) 'data_processing_pipeline' retrieved from /opt/airflow/dags/data-pipeline.py
[2025-10-19T04:28:43.153+0000] {logging_mixin.py:188} INFO - [2025-10-19T04:28:43.152+0000] {dag.py:3036} INFO - Sync 1 DAGs
[2025-10-19T04:28:43.198+0000] {logging_mixin.py:188} INFO - [2025-10-19T04:28:43.197+0000] {dag.py:3823} INFO - Setting next_dagrun for data_processing_pipeline to 2025-10-19 05:00:00+00:00, run_after=2025-10-20 05:00:00+00:00
[2025-10-19T04:28:43.244+0000] {processor.py:183} INFO - Processing /opt/airflow/dags/data-pipeline.py took 0.174 seconds
[2025-10-19T04:29:13.448+0000] {processor.py:161} INFO - Started process (PID=572) to work on /opt/airflow/dags/data-pipeline.py
[2025-10-19T04:29:13.450+0000] {processor.py:830} INFO - Processing file /opt/airflow/dags/data-pipeline.py for tasks to queue
[2025-10-19T04:29:13.453+0000] {logging_mixin.py:188} INFO - [2025-10-19T04:29:13.452+0000] {dagbag.py:538} INFO - Filling up the DagBag from /opt/airflow/dags/data-pipeline.py
[2025-10-19T04:29:13.474+0000] {processor.py:840} INFO - DAG(s) 'data_processing_pipeline' retrieved from /opt/airflow/dags/data-pipeline.py
[2025-10-19T04:29:13.524+0000] {logging_mixin.py:188} INFO - [2025-10-19T04:29:13.523+0000] {dag.py:3036} INFO - Sync 1 DAGs
[2025-10-19T04:29:13.569+0000] {logging_mixin.py:188} INFO - [2025-10-19T04:29:13.569+0000] {dag.py:3823} INFO - Setting next_dagrun for data_processing_pipeline to 2025-10-19 05:00:00+00:00, run_after=2025-10-20 05:00:00+00:00
[2025-10-19T04:29:13.617+0000] {processor.py:183} INFO - Processing /opt/airflow/dags/data-pipeline.py took 0.175 seconds
[2025-10-19T04:29:43.828+0000] {processor.py:161} INFO - Started process (PID=579) to work on /opt/airflow/dags/data-pipeline.py
[2025-10-19T04:29:43.829+0000] {processor.py:830} INFO - Processing file /opt/airflow/dags/data-pipeline.py for tasks to queue
[2025-10-19T04:29:43.832+0000] {logging_mixin.py:188} INFO - [2025-10-19T04:29:43.831+0000] {dagbag.py:538} INFO - Filling up the DagBag from /opt/airflow/dags/data-pipeline.py
[2025-10-19T04:29:43.853+0000] {processor.py:840} INFO - DAG(s) 'data_processing_pipeline' retrieved from /opt/airflow/dags/data-pipeline.py
[2025-10-19T04:29:43.903+0000] {logging_mixin.py:188} INFO - [2025-10-19T04:29:43.903+0000] {dag.py:3036} INFO - Sync 1 DAGs
[2025-10-19T04:29:43.949+0000] {logging_mixin.py:188} INFO - [2025-10-19T04:29:43.949+0000] {dag.py:3823} INFO - Setting next_dagrun for data_processing_pipeline to 2025-10-19 05:00:00+00:00, run_after=2025-10-20 05:00:00+00:00
[2025-10-19T04:29:43.996+0000] {processor.py:183} INFO - Processing /opt/airflow/dags/data-pipeline.py took 0.174 seconds
[2025-10-19T04:30:14.206+0000] {processor.py:161} INFO - Started process (PID=586) to work on /opt/airflow/dags/data-pipeline.py
[2025-10-19T04:30:14.508+0000] {processor.py:830} INFO - Processing file /opt/airflow/dags/data-pipeline.py for tasks to queue
[2025-10-19T04:30:14.511+0000] {logging_mixin.py:188} INFO - [2025-10-19T04:30:14.511+0000] {dagbag.py:538} INFO - Filling up the DagBag from /opt/airflow/dags/data-pipeline.py
[2025-10-19T04:30:14.532+0000] {processor.py:840} INFO - DAG(s) 'data_processing_pipeline' retrieved from /opt/airflow/dags/data-pipeline.py
[2025-10-19T04:30:14.586+0000] {logging_mixin.py:188} INFO - [2025-10-19T04:30:14.585+0000] {dag.py:3036} INFO - Sync 1 DAGs
[2025-10-19T04:30:14.633+0000] {logging_mixin.py:188} INFO - [2025-10-19T04:30:14.633+0000] {dag.py:3823} INFO - Setting next_dagrun for data_processing_pipeline to 2025-10-19 05:00:00+00:00, run_after=2025-10-20 05:00:00+00:00
[2025-10-19T04:30:14.682+0000] {processor.py:183} INFO - Processing /opt/airflow/dags/data-pipeline.py took 0.482 seconds
[2025-10-19T04:30:44.906+0000] {processor.py:161} INFO - Started process (PID=593) to work on /opt/airflow/dags/data-pipeline.py
[2025-10-19T04:30:44.907+0000] {processor.py:830} INFO - Processing file /opt/airflow/dags/data-pipeline.py for tasks to queue
[2025-10-19T04:30:44.910+0000] {logging_mixin.py:188} INFO - [2025-10-19T04:30:44.909+0000] {dagbag.py:538} INFO - Filling up the DagBag from /opt/airflow/dags/data-pipeline.py
[2025-10-19T04:30:44.930+0000] {processor.py:840} INFO - DAG(s) 'data_processing_pipeline' retrieved from /opt/airflow/dags/data-pipeline.py
[2025-10-19T04:30:44.982+0000] {logging_mixin.py:188} INFO - [2025-10-19T04:30:44.982+0000] {dag.py:3036} INFO - Sync 1 DAGs
[2025-10-19T04:30:45.035+0000] {logging_mixin.py:188} INFO - [2025-10-19T04:30:45.035+0000] {dag.py:3823} INFO - Setting next_dagrun for data_processing_pipeline to 2025-10-19 05:00:00+00:00, run_after=2025-10-20 05:00:00+00:00
[2025-10-19T04:30:45.083+0000] {processor.py:183} INFO - Processing /opt/airflow/dags/data-pipeline.py took 0.183 seconds
[2025-10-19T04:31:15.291+0000] {processor.py:161} INFO - Started process (PID=600) to work on /opt/airflow/dags/data-pipeline.py
[2025-10-19T04:31:15.292+0000] {processor.py:830} INFO - Processing file /opt/airflow/dags/data-pipeline.py for tasks to queue
[2025-10-19T04:31:15.295+0000] {logging_mixin.py:188} INFO - [2025-10-19T04:31:15.295+0000] {dagbag.py:538} INFO - Filling up the DagBag from /opt/airflow/dags/data-pipeline.py
[2025-10-19T04:31:15.316+0000] {processor.py:840} INFO - DAG(s) 'data_processing_pipeline' retrieved from /opt/airflow/dags/data-pipeline.py
[2025-10-19T04:31:15.365+0000] {logging_mixin.py:188} INFO - [2025-10-19T04:31:15.365+0000] {dag.py:3036} INFO - Sync 1 DAGs
[2025-10-19T04:31:15.410+0000] {logging_mixin.py:188} INFO - [2025-10-19T04:31:15.410+0000] {dag.py:3823} INFO - Setting next_dagrun for data_processing_pipeline to 2025-10-19 05:00:00+00:00, run_after=2025-10-20 05:00:00+00:00
[2025-10-19T04:31:15.455+0000] {processor.py:183} INFO - Processing /opt/airflow/dags/data-pipeline.py took 0.170 seconds
[2025-10-19T04:31:45.663+0000] {processor.py:161} INFO - Started process (PID=607) to work on /opt/airflow/dags/data-pipeline.py
[2025-10-19T04:31:45.665+0000] {processor.py:830} INFO - Processing file /opt/airflow/dags/data-pipeline.py for tasks to queue
[2025-10-19T04:31:45.668+0000] {logging_mixin.py:188} INFO - [2025-10-19T04:31:45.668+0000] {dagbag.py:538} INFO - Filling up the DagBag from /opt/airflow/dags/data-pipeline.py
[2025-10-19T04:31:45.689+0000] {processor.py:840} INFO - DAG(s) 'data_processing_pipeline' retrieved from /opt/airflow/dags/data-pipeline.py
[2025-10-19T04:31:45.742+0000] {logging_mixin.py:188} INFO - [2025-10-19T04:31:45.741+0000] {dag.py:3036} INFO - Sync 1 DAGs
[2025-10-19T04:31:45.790+0000] {logging_mixin.py:188} INFO - [2025-10-19T04:31:45.790+0000] {dag.py:3823} INFO - Setting next_dagrun for data_processing_pipeline to 2025-10-19 05:00:00+00:00, run_after=2025-10-20 05:00:00+00:00
[2025-10-19T04:31:45.841+0000] {processor.py:183} INFO - Processing /opt/airflow/dags/data-pipeline.py took 0.184 seconds
[2025-10-19T04:32:16.051+0000] {processor.py:161} INFO - Started process (PID=614) to work on /opt/airflow/dags/data-pipeline.py
[2025-10-19T04:32:16.052+0000] {processor.py:830} INFO - Processing file /opt/airflow/dags/data-pipeline.py for tasks to queue
[2025-10-19T04:32:16.055+0000] {logging_mixin.py:188} INFO - [2025-10-19T04:32:16.055+0000] {dagbag.py:538} INFO - Filling up the DagBag from /opt/airflow/dags/data-pipeline.py
[2025-10-19T04:32:16.075+0000] {processor.py:840} INFO - DAG(s) 'data_processing_pipeline' retrieved from /opt/airflow/dags/data-pipeline.py
[2025-10-19T04:32:16.125+0000] {logging_mixin.py:188} INFO - [2025-10-19T04:32:16.124+0000] {dag.py:3036} INFO - Sync 1 DAGs
[2025-10-19T04:32:16.169+0000] {logging_mixin.py:188} INFO - [2025-10-19T04:32:16.168+0000] {dag.py:3823} INFO - Setting next_dagrun for data_processing_pipeline to 2025-10-19 05:00:00+00:00, run_after=2025-10-20 05:00:00+00:00
[2025-10-19T04:32:16.214+0000] {processor.py:183} INFO - Processing /opt/airflow/dags/data-pipeline.py took 0.169 seconds
[2025-10-19T04:32:46.430+0000] {processor.py:161} INFO - Started process (PID=621) to work on /opt/airflow/dags/data-pipeline.py
[2025-10-19T04:32:46.717+0000] {processor.py:830} INFO - Processing file /opt/airflow/dags/data-pipeline.py for tasks to queue
[2025-10-19T04:32:46.721+0000] {logging_mixin.py:188} INFO - [2025-10-19T04:32:46.720+0000] {dagbag.py:538} INFO - Filling up the DagBag from /opt/airflow/dags/data-pipeline.py
[2025-10-19T04:32:46.740+0000] {processor.py:840} INFO - DAG(s) 'data_processing_pipeline' retrieved from /opt/airflow/dags/data-pipeline.py
[2025-10-19T04:32:46.787+0000] {logging_mixin.py:188} INFO - [2025-10-19T04:32:46.786+0000] {dag.py:3036} INFO - Sync 1 DAGs
[2025-10-19T04:32:46.831+0000] {logging_mixin.py:188} INFO - [2025-10-19T04:32:46.830+0000] {dag.py:3823} INFO - Setting next_dagrun for data_processing_pipeline to 2025-10-19 05:00:00+00:00, run_after=2025-10-20 05:00:00+00:00
[2025-10-19T04:32:46.873+0000] {processor.py:183} INFO - Processing /opt/airflow/dags/data-pipeline.py took 0.448 seconds
[2025-10-19T04:33:17.072+0000] {processor.py:161} INFO - Started process (PID=628) to work on /opt/airflow/dags/data-pipeline.py
[2025-10-19T04:33:17.072+0000] {processor.py:830} INFO - Processing file /opt/airflow/dags/data-pipeline.py for tasks to queue
[2025-10-19T04:33:17.074+0000] {logging_mixin.py:188} INFO - [2025-10-19T04:33:17.073+0000] {dagbag.py:538} INFO - Filling up the DagBag from /opt/airflow/dags/data-pipeline.py
[2025-10-19T04:33:17.080+0000] {processor.py:840} INFO - DAG(s) 'data_processing_pipeline' retrieved from /opt/airflow/dags/data-pipeline.py
[2025-10-19T04:33:17.099+0000] {logging_mixin.py:188} INFO - [2025-10-19T04:33:17.099+0000] {dag.py:3036} INFO - Sync 1 DAGs
[2025-10-19T04:33:17.118+0000] {logging_mixin.py:188} INFO - [2025-10-19T04:33:17.118+0000] {dag.py:3823} INFO - Setting next_dagrun for data_processing_pipeline to 2025-10-19 05:00:00+00:00, run_after=2025-10-20 05:00:00+00:00
[2025-10-19T04:33:17.148+0000] {processor.py:183} INFO - Processing /opt/airflow/dags/data-pipeline.py took 0.078 seconds
[2025-10-19T04:33:47.282+0000] {processor.py:161} INFO - Started process (PID=635) to work on /opt/airflow/dags/data-pipeline.py
[2025-10-19T04:33:47.572+0000] {processor.py:830} INFO - Processing file /opt/airflow/dags/data-pipeline.py for tasks to queue
[2025-10-19T04:33:47.576+0000] {logging_mixin.py:188} INFO - [2025-10-19T04:33:47.575+0000] {dagbag.py:538} INFO - Filling up the DagBag from /opt/airflow/dags/data-pipeline.py
[2025-10-19T04:33:47.597+0000] {processor.py:840} INFO - DAG(s) 'data_processing_pipeline' retrieved from /opt/airflow/dags/data-pipeline.py
[2025-10-19T04:33:47.650+0000] {logging_mixin.py:188} INFO - [2025-10-19T04:33:47.650+0000] {dag.py:3036} INFO - Sync 1 DAGs
[2025-10-19T04:33:47.697+0000] {logging_mixin.py:188} INFO - [2025-10-19T04:33:47.697+0000] {dag.py:3823} INFO - Setting next_dagrun for data_processing_pipeline to 2025-10-19 05:00:00+00:00, run_after=2025-10-20 05:00:00+00:00
[2025-10-19T04:33:47.742+0000] {processor.py:183} INFO - Processing /opt/airflow/dags/data-pipeline.py took 0.467 seconds
[2025-10-19T04:34:17.954+0000] {processor.py:161} INFO - Started process (PID=641) to work on /opt/airflow/dags/data-pipeline.py
[2025-10-19T04:34:17.955+0000] {processor.py:830} INFO - Processing file /opt/airflow/dags/data-pipeline.py for tasks to queue
[2025-10-19T04:34:17.959+0000] {logging_mixin.py:188} INFO - [2025-10-19T04:34:17.958+0000] {dagbag.py:538} INFO - Filling up the DagBag from /opt/airflow/dags/data-pipeline.py
[2025-10-19T04:34:17.979+0000] {processor.py:840} INFO - DAG(s) 'data_processing_pipeline' retrieved from /opt/airflow/dags/data-pipeline.py
[2025-10-19T04:34:18.030+0000] {logging_mixin.py:188} INFO - [2025-10-19T04:34:18.029+0000] {dag.py:3036} INFO - Sync 1 DAGs
[2025-10-19T04:34:18.076+0000] {logging_mixin.py:188} INFO - [2025-10-19T04:34:18.076+0000] {dag.py:3823} INFO - Setting next_dagrun for data_processing_pipeline to 2025-10-19 05:00:00+00:00, run_after=2025-10-20 05:00:00+00:00
[2025-10-19T04:34:18.122+0000] {processor.py:183} INFO - Processing /opt/airflow/dags/data-pipeline.py took 0.174 seconds
[2025-10-19T04:34:48.329+0000] {processor.py:161} INFO - Started process (PID=648) to work on /opt/airflow/dags/data-pipeline.py
[2025-10-19T04:34:48.618+0000] {processor.py:830} INFO - Processing file /opt/airflow/dags/data-pipeline.py for tasks to queue
[2025-10-19T04:34:48.623+0000] {logging_mixin.py:188} INFO - [2025-10-19T04:34:48.622+0000] {dagbag.py:538} INFO - Filling up the DagBag from /opt/airflow/dags/data-pipeline.py
[2025-10-19T04:34:48.648+0000] {processor.py:840} INFO - DAG(s) 'data_processing_pipeline' retrieved from /opt/airflow/dags/data-pipeline.py
[2025-10-19T04:34:48.712+0000] {logging_mixin.py:188} INFO - [2025-10-19T04:34:48.711+0000] {dag.py:3036} INFO - Sync 1 DAGs
[2025-10-19T04:34:48.770+0000] {logging_mixin.py:188} INFO - [2025-10-19T04:34:48.770+0000] {dag.py:3823} INFO - Setting next_dagrun for data_processing_pipeline to 2025-10-19 05:00:00+00:00, run_after=2025-10-20 05:00:00+00:00
[2025-10-19T04:34:48.825+0000] {processor.py:183} INFO - Processing /opt/airflow/dags/data-pipeline.py took 0.503 seconds
[2025-10-19T04:35:19.040+0000] {processor.py:161} INFO - Started process (PID=655) to work on /opt/airflow/dags/data-pipeline.py
[2025-10-19T04:35:19.041+0000] {processor.py:830} INFO - Processing file /opt/airflow/dags/data-pipeline.py for tasks to queue
[2025-10-19T04:35:19.044+0000] {logging_mixin.py:188} INFO - [2025-10-19T04:35:19.043+0000] {dagbag.py:538} INFO - Filling up the DagBag from /opt/airflow/dags/data-pipeline.py
[2025-10-19T04:35:19.065+0000] {processor.py:840} INFO - DAG(s) 'data_processing_pipeline' retrieved from /opt/airflow/dags/data-pipeline.py
[2025-10-19T04:35:19.121+0000] {logging_mixin.py:188} INFO - [2025-10-19T04:35:19.120+0000] {dag.py:3036} INFO - Sync 1 DAGs
[2025-10-19T04:35:19.171+0000] {logging_mixin.py:188} INFO - [2025-10-19T04:35:19.171+0000] {dag.py:3823} INFO - Setting next_dagrun for data_processing_pipeline to 2025-10-19 05:00:00+00:00, run_after=2025-10-20 05:00:00+00:00
[2025-10-19T04:35:19.218+0000] {processor.py:183} INFO - Processing /opt/airflow/dags/data-pipeline.py took 0.184 seconds
[2025-10-19T04:35:49.429+0000] {processor.py:161} INFO - Started process (PID=662) to work on /opt/airflow/dags/data-pipeline.py
[2025-10-19T04:35:49.431+0000] {processor.py:830} INFO - Processing file /opt/airflow/dags/data-pipeline.py for tasks to queue
[2025-10-19T04:35:49.434+0000] {logging_mixin.py:188} INFO - [2025-10-19T04:35:49.434+0000] {dagbag.py:538} INFO - Filling up the DagBag from /opt/airflow/dags/data-pipeline.py
[2025-10-19T04:35:49.457+0000] {processor.py:840} INFO - DAG(s) 'data_processing_pipeline' retrieved from /opt/airflow/dags/data-pipeline.py
[2025-10-19T04:35:49.513+0000] {logging_mixin.py:188} INFO - [2025-10-19T04:35:49.512+0000] {dag.py:3036} INFO - Sync 1 DAGs
[2025-10-19T04:35:49.570+0000] {logging_mixin.py:188} INFO - [2025-10-19T04:35:49.569+0000] {dag.py:3823} INFO - Setting next_dagrun for data_processing_pipeline to 2025-10-19 05:00:00+00:00, run_after=2025-10-20 05:00:00+00:00
[2025-10-19T04:35:49.613+0000] {processor.py:183} INFO - Processing /opt/airflow/dags/data-pipeline.py took 0.190 seconds
[2025-10-19T04:36:19.825+0000] {processor.py:161} INFO - Started process (PID=669) to work on /opt/airflow/dags/data-pipeline.py
[2025-10-19T04:36:19.825+0000] {processor.py:830} INFO - Processing file /opt/airflow/dags/data-pipeline.py for tasks to queue
[2025-10-19T04:36:19.828+0000] {logging_mixin.py:188} INFO - [2025-10-19T04:36:19.828+0000] {dagbag.py:538} INFO - Filling up the DagBag from /opt/airflow/dags/data-pipeline.py
[2025-10-19T04:36:19.850+0000] {processor.py:840} INFO - DAG(s) 'data_processing_pipeline' retrieved from /opt/airflow/dags/data-pipeline.py
[2025-10-19T04:36:19.920+0000] {logging_mixin.py:188} INFO - [2025-10-19T04:36:19.919+0000] {dag.py:3036} INFO - Sync 1 DAGs
[2025-10-19T04:36:19.984+0000] {logging_mixin.py:188} INFO - [2025-10-19T04:36:19.983+0000] {dag.py:3823} INFO - Setting next_dagrun for data_processing_pipeline to 2025-10-19 05:00:00+00:00, run_after=2025-10-20 05:00:00+00:00
[2025-10-19T04:36:20.027+0000] {processor.py:183} INFO - Processing /opt/airflow/dags/data-pipeline.py took 0.209 seconds
[2025-10-19T04:36:50.231+0000] {processor.py:161} INFO - Started process (PID=676) to work on /opt/airflow/dags/data-pipeline.py
[2025-10-19T04:36:50.531+0000] {processor.py:830} INFO - Processing file /opt/airflow/dags/data-pipeline.py for tasks to queue
[2025-10-19T04:36:50.536+0000] {logging_mixin.py:188} INFO - [2025-10-19T04:36:50.535+0000] {dagbag.py:538} INFO - Filling up the DagBag from /opt/airflow/dags/data-pipeline.py
[2025-10-19T04:36:50.562+0000] {processor.py:840} INFO - DAG(s) 'data_processing_pipeline' retrieved from /opt/airflow/dags/data-pipeline.py
[2025-10-19T04:36:50.634+0000] {logging_mixin.py:188} INFO - [2025-10-19T04:36:50.634+0000] {dag.py:3036} INFO - Sync 1 DAGs
[2025-10-19T04:36:50.705+0000] {logging_mixin.py:188} INFO - [2025-10-19T04:36:50.705+0000] {dag.py:3823} INFO - Setting next_dagrun for data_processing_pipeline to 2025-10-19 05:00:00+00:00, run_after=2025-10-20 05:00:00+00:00
[2025-10-19T04:36:50.762+0000] {processor.py:183} INFO - Processing /opt/airflow/dags/data-pipeline.py took 0.539 seconds
[2025-10-19T04:37:21.001+0000] {processor.py:161} INFO - Started process (PID=683) to work on /opt/airflow/dags/data-pipeline.py
[2025-10-19T04:37:21.002+0000] {processor.py:830} INFO - Processing file /opt/airflow/dags/data-pipeline.py for tasks to queue
[2025-10-19T04:37:21.005+0000] {logging_mixin.py:188} INFO - [2025-10-19T04:37:21.004+0000] {dagbag.py:538} INFO - Filling up the DagBag from /opt/airflow/dags/data-pipeline.py
[2025-10-19T04:37:21.030+0000] {processor.py:840} INFO - DAG(s) 'data_processing_pipeline' retrieved from /opt/airflow/dags/data-pipeline.py
[2025-10-19T04:37:21.089+0000] {logging_mixin.py:188} INFO - [2025-10-19T04:37:21.089+0000] {dag.py:3036} INFO - Sync 1 DAGs
[2025-10-19T04:37:21.149+0000] {logging_mixin.py:188} INFO - [2025-10-19T04:37:21.148+0000] {dag.py:3823} INFO - Setting next_dagrun for data_processing_pipeline to 2025-10-19 05:00:00+00:00, run_after=2025-10-20 05:00:00+00:00
[2025-10-19T04:37:21.192+0000] {processor.py:183} INFO - Processing /opt/airflow/dags/data-pipeline.py took 0.199 seconds
[2025-10-19T04:37:51.403+0000] {processor.py:161} INFO - Started process (PID=690) to work on /opt/airflow/dags/data-pipeline.py
[2025-10-19T04:37:51.405+0000] {processor.py:830} INFO - Processing file /opt/airflow/dags/data-pipeline.py for tasks to queue
[2025-10-19T04:37:51.409+0000] {logging_mixin.py:188} INFO - [2025-10-19T04:37:51.408+0000] {dagbag.py:538} INFO - Filling up the DagBag from /opt/airflow/dags/data-pipeline.py
[2025-10-19T04:37:51.433+0000] {processor.py:840} INFO - DAG(s) 'data_processing_pipeline' retrieved from /opt/airflow/dags/data-pipeline.py
[2025-10-19T04:37:51.498+0000] {logging_mixin.py:188} INFO - [2025-10-19T04:37:51.498+0000] {dag.py:3036} INFO - Sync 1 DAGs
[2025-10-19T04:37:51.558+0000] {logging_mixin.py:188} INFO - [2025-10-19T04:37:51.558+0000] {dag.py:3823} INFO - Setting next_dagrun for data_processing_pipeline to 2025-10-19 05:00:00+00:00, run_after=2025-10-20 05:00:00+00:00
[2025-10-19T04:37:51.612+0000] {processor.py:183} INFO - Processing /opt/airflow/dags/data-pipeline.py took 0.216 seconds
